This is pdfTeX, Version 3.14159265-2.6-1.40.15 (TeX Live 2015/dev/Debian) (preloaded format=pdflatex 2018.10.14)  10 DEC 2018 16:20
entering extended mode
 restricted \write18 enabled.
 %&-line parsing enabled.
**final.tex
(./final.tex
LaTeX2e <2014/05/01>
Babel <3.9l> and hyphenation patterns for 9 languages loaded.
(/usr/share/texmf/tex/latex/tuddesign/tudreport.cls
Document Class: tudreport 2009/11/17 1.13 Clemens von Loewenich's and Joe Werne
r's TUD-Design package
(/usr/share/texlive/texmf-dist/tex/latex/xkeyval/xkeyval.sty
Package: xkeyval 2014/05/25 v2.7 package option processing (HA)

(/usr/share/texlive/texmf-dist/tex/generic/xkeyval/xkeyval.tex
(/usr/share/texlive/texmf-dist/tex/generic/xkeyval/xkvutils.tex
\XKV@toks=\toks14
\XKV@tempa@toks=\toks15

(/usr/share/texlive/texmf-dist/tex/generic/xkeyval/keyval.tex))
\XKV@depth=\count79
File: xkeyval.tex 2014/05/25 v2.7 key=value parser (HA)
))
(/usr/share/texlive/texmf-dist/tex/latex/base/ifthen.sty
Package: ifthen 2014/09/29 v1.1c Standard LaTeX ifthen package (DPC)
)
Class tudreport Info: Option `paper=a4report' selected. on input line 142.
Class tudreport Info: Unknown option 'parskip`. Pass to KOMA-Script class. on i
nput line 144.
Class tudreport Info: Unknown option 'twoside`. Pass to KOMA-Script class. on i
nput line 144.

(/usr/share/texlive/texmf-dist/tex/latex/koma-script/scrreprt.cls
Document Class: scrreprt 2013/12/19 v3.12 KOMA-Script document class (report)
(/usr/share/texlive/texmf-dist/tex/latex/koma-script/scrkbase.sty
Package: scrkbase 2013/12/19 v3.12 KOMA-Script package (KOMA-Script-dependent b
asics and keyval usage)

(/usr/share/texlive/texmf-dist/tex/latex/koma-script/scrbase.sty
Package: scrbase 2013/12/19 v3.12 KOMA-Script package (KOMA-Script-independent 
basics and keyval usage)

(/usr/share/texlive/texmf-dist/tex/latex/koma-script/scrlfile.sty
Package: scrlfile 2013/12/19 v3.12 KOMA-Script package (loading files)

Package scrlfile, 2013/12/19 v3.12 KOMA-Script package (loading files)
                  Copyright (C) Markus Kohm

))) (/usr/share/texlive/texmf-dist/tex/latex/koma-script/tocbasic.sty
Package: tocbasic 2013/12/19 v3.12 KOMA-Script package (handling toc-files)
)
Package tocbasic Info: omitting babel extension for `toc'
(tocbasic)             because of feature `nobabel' available
(tocbasic)             for `toc' on input line 117.
Package tocbasic Info: omitting babel extension for `lof'
(tocbasic)             because of feature `nobabel' available
(tocbasic)             for `lof' on input line 118.
Package tocbasic Info: omitting babel extension for `lot'
(tocbasic)             because of feature `nobabel' available
(tocbasic)             for `lot' on input line 119.
Package tocbasic Info: defining new hook before heading of `' on input line 112
3.
Package scrbase Info: Unknown processing state.
(scrbase)             Processing option `twoside'
(scrbase)             of member `.scrreprt.cls' of family
(scrbase)             `KOMA' doesn't set
(scrbase)             a valid state. This will be interpreted
(scrbase)             as \FamilyKeyStateProcessed on input line 1274.
Package scrbase Info: Unknown processing state.
(scrbase)             Processing option `twoside'
(scrbase)             of member `.scrreprt.cls' of family
(scrbase)             `KOMA' doesn't set
(scrbase)             a valid state. This will be interpreted
(scrbase)             as \FamilyKeyStateProcessed on input line 1274.
Class scrreprt Info: You've used standard option `openright'.
(scrreprt)           This is correct!
(scrreprt)           Internally I'm using `open=right'.
(scrreprt)           If you'd like to set the option with \KOMAoptions,
(scrreprt)           you'd have to use `open=right' there
(scrreprt)           instead of `openright', too.
Class scrreprt Info: File `scrsize11pt.clo' used instead of
(scrreprt)           file `scrsize11.clo' to setup font sizes on input line 165
5.

(/usr/share/texlive/texmf-dist/tex/latex/koma-script/scrsize11pt.clo
File: scrsize11pt.clo 2013/12/19 v3.12 KOMA-Script font size class option (11pt
)
)
(/usr/share/texlive/texmf-dist/tex/latex/koma-script/typearea.sty
Package: typearea 2013/12/19 v3.12 KOMA-Script package (type area)

Package typearea, 2013/12/19 v3.12 KOMA-Script package (type area)
                  Copyright (C) Frank Neukam, 1992-1994
                  Copyright (C) Markus Kohm, 1994-

\ta@bcor=\skip41
\ta@div=\count80
\ta@hblk=\skip42
\ta@vblk=\skip43
\ta@temp=\skip44
\footheight=\skip45
Package typearea Info: These are the values describing the layout:
(typearea)             DIV  = 10
(typearea)             BCOR = 0.0pt
(typearea)             \paperwidth      = 597.50793pt
(typearea)              \textwidth      = 418.25555pt
(typearea)              DIV departure   = -6%
(typearea)              \evensidemargin = 47.2316pt
(typearea)              \oddsidemargin  = -12.5192pt
(typearea)             \paperheight     = 845.04694pt
(typearea)              \textheight     = 595.80026pt
(typearea)              \topmargin      = -25.16531pt
(typearea)              \headheight     = 17.0pt
(typearea)              \headsep        = 20.40001pt
(typearea)              \topskip        = 11.0pt
(typearea)              \footskip       = 47.6pt
(typearea)              \baselineskip   = 13.6pt
(typearea)              on input line 1330.
)
\c@part=\count81
\c@chapter=\count82
\c@section=\count83
\c@subsection=\count84
\c@subsubsection=\count85
\c@paragraph=\count86
\c@subparagraph=\count87
\abovecaptionskip=\skip46
\belowcaptionskip=\skip47
\c@pti@nb@sid@b@x=\box26
\c@figure=\count88
\c@table=\count89
\bibindent=\dimen102
) (/usr/share/texlive/texmf-dist/tex/latex/tools/calc.sty
Package: calc 2014/10/28 v4.3 Infix arithmetic (KKT,FJ)
\calc@Acount=\count90
\calc@Bcount=\count91
\calc@Adimen=\dimen103
\calc@Bdimen=\dimen104
\calc@Askip=\skip48
\calc@Bskip=\skip49
LaTeX Info: Redefining \setlength on input line 75.
LaTeX Info: Redefining \addtolength on input line 76.
\calc@Ccount=\count92
\calc@Cskip=\skip50
)
(/usr/share/texmf/tex/latex/tuddesign/colours/tudcolours.sty
Package: tudcolours 2009/03/12 1.9 Clemens von Loewenich's and Joe Werner's TUD
-Design package

(/usr/share/texlive/texmf-dist/tex/latex/xcolor/xcolor.sty
Package: xcolor 2007/01/21 v2.11 LaTeX color extensions (UK)

(/usr/share/texlive/texmf-dist/tex/latex/latexconfig/color.cfg
File: color.cfg 2007/01/18 v1.5 color configuration of teTeX/TeXLive
)
Package xcolor Info: Package option `override' ignored on input line 216.
Package xcolor Info: Driver file: pdftex.def on input line 225.

(/usr/share/texlive/texmf-dist/tex/latex/pdftex-def/pdftex.def
File: pdftex.def 2011/05/27 v0.06d Graphics/color for pdfTeX

(/usr/share/texlive/texmf-dist/tex/generic/oberdiek/infwarerr.sty
Package: infwarerr 2010/04/08 v1.3 Providing info/warning/error messages (HO)
)
(/usr/share/texlive/texmf-dist/tex/generic/oberdiek/ltxcmds.sty
Package: ltxcmds 2011/11/09 v1.22 LaTeX kernel commands for general use (HO)
)
\Gread@gobject=\count93
)
Package xcolor Info: Model `cmy' substituted by `cmy0' on input line 1337.
Package xcolor Info: Model `hsb' substituted by `rgb' on input line 1341.
Package xcolor Info: Model `RGB' extended on input line 1353.
Package xcolor Info: Model `HTML' substituted by `rgb' on input line 1355.
Package xcolor Info: Model `Hsb' substituted by `hsb' on input line 1356.
Package xcolor Info: Model `tHsb' substituted by `hsb' on input line 1357.
Package xcolor Info: Model `HSB' substituted by `hsb' on input line 1358.
Package xcolor Info: Model `Gray' substituted by `gray' on input line 1359.
Package xcolor Info: Model `wave' substituted by `hsb' on input line 1360.
)
(/usr/share/texmf/tex/latex/tuddesign/colours/tudcolours.cfg
File: tudcolours.cfg 2008/12/03
)
(/usr/share/texmf/tex/latex/tuddesign/colours/tudcolours.def
File: tudcolours.def 2008/12/03
))
(/usr/share/texmf/tex/latex/tuddesign/report/tudreprt_fonts.sty
Package: tudreprt_fonts 2009/00/18 1.11 Clemens von Loewenich's and Joe Werner'
s TUD-Design package

(/usr/share/texmf/tex/latex/tuddesign/base/tudfonts.sty
Package: tudfonts 2009/09/18 1.12 Clemens von Loewenich's and Joe Werner's TUD-
Design package

(/usr/share/texlive/texmf-dist/tex/latex/base/fontenc.sty
Package: fontenc 2005/09/27 v1.99g Standard LaTeX package

(/usr/share/texlive/texmf-dist/tex/latex/base/t1enc.def
File: t1enc.def 2005/09/27 v1.99g Standard LaTeX file
LaTeX Font Info:    Redeclaring font encoding T1 on input line 43.
))
(/usr/share/texlive/texmf-dist/tex/latex/base/textcomp.sty
Package: textcomp 2005/09/27 v1.99g Standard LaTeX package
Package textcomp Info: Sub-encoding information:
(textcomp)               5 = only ISO-Adobe without \textcurrency
(textcomp)               4 = 5 + \texteuro
(textcomp)               3 = 4 + \textohm
(textcomp)               2 = 3 + \textestimated + \textcurrency
(textcomp)               1 = TS1 - \textcircled - \t
(textcomp)               0 = TS1 (full)
(textcomp)             Font families with sub-encoding setting implement
(textcomp)             only a restricted character set as indicated.
(textcomp)             Family '?' is the default used for unknown fonts.
(textcomp)             See the documentation for details.
Package textcomp Info: Setting ? sub-encoding to TS1/1 on input line 71.
Package textcomp Info: Changing ? sub-encoding to TS1/4 on input line 72.

(/usr/share/texlive/texmf-dist/tex/latex/base/ts1enc.def
File: ts1enc.def 2001/06/05 v3.0e (jk/car/fm) Standard LaTeX file
)
LaTeX Info: Redefining \oldstylenums on input line 266.
Package textcomp Info: Setting cmr sub-encoding to TS1/0 on input line 281.
Package textcomp Info: Setting cmss sub-encoding to TS1/0 on input line 282.
Package textcomp Info: Setting cmtt sub-encoding to TS1/0 on input line 283.
Package textcomp Info: Setting cmvtt sub-encoding to TS1/0 on input line 284.
Package textcomp Info: Setting cmbr sub-encoding to TS1/0 on input line 285.
Package textcomp Info: Setting cmtl sub-encoding to TS1/0 on input line 286.
Package textcomp Info: Setting ccr sub-encoding to TS1/0 on input line 287.
Package textcomp Info: Setting ptm sub-encoding to TS1/4 on input line 288.
Package textcomp Info: Setting pcr sub-encoding to TS1/4 on input line 289.
Package textcomp Info: Setting phv sub-encoding to TS1/4 on input line 290.
Package textcomp Info: Setting ppl sub-encoding to TS1/3 on input line 291.
Package textcomp Info: Setting pag sub-encoding to TS1/4 on input line 292.
Package textcomp Info: Setting pbk sub-encoding to TS1/4 on input line 293.
Package textcomp Info: Setting pnc sub-encoding to TS1/4 on input line 294.
Package textcomp Info: Setting pzc sub-encoding to TS1/4 on input line 295.
Package textcomp Info: Setting bch sub-encoding to TS1/4 on input line 296.
Package textcomp Info: Setting put sub-encoding to TS1/5 on input line 297.
Package textcomp Info: Setting uag sub-encoding to TS1/5 on input line 298.
Package textcomp Info: Setting ugq sub-encoding to TS1/5 on input line 299.
Package textcomp Info: Setting ul8 sub-encoding to TS1/4 on input line 300.
Package textcomp Info: Setting ul9 sub-encoding to TS1/4 on input line 301.
Package textcomp Info: Setting augie sub-encoding to TS1/5 on input line 302.
Package textcomp Info: Setting dayrom sub-encoding to TS1/3 on input line 303.
Package textcomp Info: Setting dayroms sub-encoding to TS1/3 on input line 304.

Package textcomp Info: Setting pxr sub-encoding to TS1/0 on input line 305.
Package textcomp Info: Setting pxss sub-encoding to TS1/0 on input line 306.
Package textcomp Info: Setting pxtt sub-encoding to TS1/0 on input line 307.
Package textcomp Info: Setting txr sub-encoding to TS1/0 on input line 308.
Package textcomp Info: Setting txss sub-encoding to TS1/0 on input line 309.
Package textcomp Info: Setting txtt sub-encoding to TS1/0 on input line 310.
Package textcomp Info: Setting lmr sub-encoding to TS1/0 on input line 311.
Package textcomp Info: Setting lmdh sub-encoding to TS1/0 on input line 312.
Package textcomp Info: Setting lmss sub-encoding to TS1/0 on input line 313.
Package textcomp Info: Setting lmssq sub-encoding to TS1/0 on input line 314.
Package textcomp Info: Setting lmvtt sub-encoding to TS1/0 on input line 315.
Package textcomp Info: Setting qhv sub-encoding to TS1/0 on input line 316.
Package textcomp Info: Setting qag sub-encoding to TS1/0 on input line 317.
Package textcomp Info: Setting qbk sub-encoding to TS1/0 on input line 318.
Package textcomp Info: Setting qcr sub-encoding to TS1/0 on input line 319.
Package textcomp Info: Setting qcs sub-encoding to TS1/0 on input line 320.
Package textcomp Info: Setting qpl sub-encoding to TS1/0 on input line 321.
Package textcomp Info: Setting qtm sub-encoding to TS1/0 on input line 322.
Package textcomp Info: Setting qzc sub-encoding to TS1/0 on input line 323.
Package textcomp Info: Setting qhvc sub-encoding to TS1/0 on input line 324.
Package textcomp Info: Setting futs sub-encoding to TS1/4 on input line 325.
Package textcomp Info: Setting futx sub-encoding to TS1/4 on input line 326.
Package textcomp Info: Setting futj sub-encoding to TS1/4 on input line 327.
Package textcomp Info: Setting hlh sub-encoding to TS1/3 on input line 328.
Package textcomp Info: Setting hls sub-encoding to TS1/3 on input line 329.
Package textcomp Info: Setting hlst sub-encoding to TS1/3 on input line 330.
Package textcomp Info: Setting hlct sub-encoding to TS1/5 on input line 331.
Package textcomp Info: Setting hlx sub-encoding to TS1/5 on input line 332.
Package textcomp Info: Setting hlce sub-encoding to TS1/5 on input line 333.
Package textcomp Info: Setting hlcn sub-encoding to TS1/5 on input line 334.
Package textcomp Info: Setting hlcw sub-encoding to TS1/5 on input line 335.
Package textcomp Info: Setting hlcf sub-encoding to TS1/5 on input line 336.
Package textcomp Info: Setting pplx sub-encoding to TS1/3 on input line 337.
Package textcomp Info: Setting pplj sub-encoding to TS1/3 on input line 338.
Package textcomp Info: Setting ptmx sub-encoding to TS1/4 on input line 339.
Package textcomp Info: Setting ptmj sub-encoding to TS1/4 on input line 340.
)
(/usr/share/texlive/texmf-dist/tex/latex/base/fix-cm.sty
Package: fix-cm 2014/09/29 v1.1s fixes to LaTeX

(/usr/share/texlive/texmf-dist/tex/latex/base/ts1enc.def
File: ts1enc.def 2001/06/05 v3.0e (jk/car/fm) Standard LaTeX file
LaTeX Font Info:    Redeclaring font encoding TS1 on input line 42.
))
(/usr/share/texlive/texmf-dist/tex/latex/mathdesign/mathdesign.sty
Package: mathdesign 2013/08/29 v2.31 Math Design Project

(/usr/share/texlive/texmf-dist/tex/latex/mathdesign/mdbch/mdbch.cfg)
(/usr/share/texlive/texmf-dist/tex/latex/mathdesign/mdbch/mdbch.sty
Package: mdbch 2013/08/29 v2.31 bitstream bitstream charter + mdbch (Math Desig
n Project)

(/usr/share/texlive/texmf-dist/tex/latex/mathdesign/mdfont.def
File: mdfont.def 2013/08/29 v2.31 (Math Design Project)
)
(/usr/share/texlive/texmf-dist/tex/latex/mathdesign/mdsffont.def
File: mdsffont.def 2013/08/29 v2.31 (Math Design Project)
)
(/usr/share/texlive/texmf-dist/tex/latex/mathdesign/mdttfont.def
File: mdttfont.def 2013/08/29 v2.31 (Math Design Project)
)
\symmdcal=\mathgroup4
LaTeX Font Info:    Overwriting symbol font `mdcal' in version `bold'
(Font)                  OMS/mdbch/m/n --> OMS/mdbch/b/n on input line 97.
\symmdscr=\mathgroup5
LaTeX Font Info:    Overwriting symbol font `mdscr' in version `bold'
(Font)                  OMS/mdbch/m/n --> OMS/mdbch/b/n on input line 103.
LaTeX Font Info:    Overwriting math alphabet `\mathfrak' in version `bold'
(Font)                  U/xmdeuf/m/n --> U/xmdeuf/b/n on input line 110.
LaTeX Font Info:    Overwriting symbol font `operators' in version `normal'
(Font)                  OT1/cmr/m/n --> OT1/mdbch/m/n on input line 121.
LaTeX Font Info:    Overwriting symbol font `letters' in version `normal'
(Font)                  OML/cmm/m/it --> OML/mdbch/m/it on input line 122.
LaTeX Font Info:    Overwriting symbol font `symbols' in version `normal'
(Font)                  OMS/cmsy/m/n --> OMS/mdbch/m/n on input line 123.
LaTeX Font Info:    Overwriting symbol font `largesymbols' in version `normal'
(Font)                  OMX/cmex/m/n --> OMX/mdbch/m/n on input line 124.
LaTeX Font Info:    Overwriting symbol font `operators' in version `bold'
(Font)                  OT1/cmr/bx/n --> OT1/mdbch/b/n on input line 126.
LaTeX Font Info:    Overwriting symbol font `letters' in version `bold'
(Font)                  OML/cmm/b/it --> OML/mdbch/b/it on input line 127.
LaTeX Font Info:    Overwriting symbol font `symbols' in version `bold'
(Font)                  OMS/cmsy/b/n --> OMS/mdbch/b/n on input line 128.
LaTeX Font Info:    Overwriting symbol font `largesymbols' in version `bold'
(Font)                  OMX/cmex/m/n --> OMX/mdbch/b/n on input line 129.
LaTeX Font Info:    Overwriting math alphabet `\mathrm' in version `normal'
(Font)                  OT1/mdbch/m/n --> T1/mdbch/m/n on input line 131.
LaTeX Font Info:    Overwriting math alphabet `\mathbf' in version `normal'
(Font)                  OT1/cmr/bx/n --> T1/mdbch/b/n on input line 132.
LaTeX Font Info:    Overwriting math alphabet `\mathit' in version `normal'
(Font)                  OT1/cmr/m/it --> T1/mdbch/m/it on input line 133.
LaTeX Font Info:    Overwriting math alphabet `\mathsf' in version `normal'
(Font)                  OT1/cmss/m/n --> T1/cmss/m/n on input line 134.
LaTeX Font Info:    Overwriting math alphabet `\mathtt' in version `normal'
(Font)                  OT1/cmtt/m/n --> T1/cmtt/m/n on input line 135.
LaTeX Font Info:    Overwriting math alphabet `\mathrm' in version `bold'
(Font)                  OT1/mdbch/b/n --> T1/mdbch/b/n on input line 137.
LaTeX Font Info:    Overwriting math alphabet `\mathbf' in version `bold'
(Font)                  OT1/cmr/bx/n --> T1/mdbch/b/n on input line 138.
LaTeX Font Info:    Overwriting math alphabet `\mathit' in version `bold'
(Font)                  OT1/cmr/bx/it --> T1/mdbch/b/it on input line 139.
LaTeX Font Info:    Overwriting math alphabet `\mathsf' in version `bold'
(Font)                  OT1/cmss/bx/n --> T1/cmss/b/n on input line 140.
LaTeX Font Info:    Overwriting math alphabet `\mathtt' in version `bold'
(Font)                  OT1/cmtt/m/n --> T1/cmtt/b/n on input line 141.
\symlettersupright=\mathgroup6
LaTeX Font Info:    Overwriting symbol font `lettersupright' in version `bold'
(Font)                  OML/mdbch/m/n --> OML/mdbch/b/n on input line 144.
LaTeX Font Info:    Redeclaring math alphabet \mathrm on input line 145.
LaTeX Font Info:    Overwriting math alphabet `\mathcal' in version `normal'
(Font)                  OMS/mdbch/m/n --> OMS/mdbch/m/n on input line 167.
LaTeX Font Info:    Try loading font information for T1+mdbch on input line 186
.

(/usr/share/texlive/texmf-dist/tex/latex/mathdesign/mdbch/t1mdbch.fd
File: t1mdbch.fd 2013/08/29 Fontinst v1.933 font definitions for T1/mdbch.
)
LaTeX Font Info:    Font shape `T1/mdbch/m/n' will be
(Font)              scaled to size 10.51207pt on input line 186.
LaTeX Font Info:    Redeclaring math accent \widetilde on input line 449.
LaTeX Font Info:    Redeclaring math accent \widehat on input line 450.
\symmathdesignA=\mathgroup7
LaTeX Font Info:    Overwriting symbol font `mathdesignA' in version `bold'
(Font)                  MDA/mdbch/m/n --> MDA/mdbch/b/n on input line 491.
\symmathdesignB=\mathgroup8
LaTeX Font Info:    Overwriting symbol font `mathdesignB' in version `bold'
(Font)                  MDB/mdbch/m/n --> MDB/mdbch/b/n on input line 498.
\@emptytoks=\toks16
LaTeX Font Info:    Redeclaring math accent \widetilde on input line 532.
LaTeX Font Info:    Redeclaring math accent \widehat on input line 533.
\rulethickness=\skip51
)
(/usr/share/texlive/texmf-dist/tex/latex/base/fontenc.sty
Package: fontenc 2005/09/27 v1.99g Standard LaTeX package

(/usr/share/texlive/texmf-dist/tex/latex/base/t1enc.def
File: t1enc.def 2005/09/27 v1.99g Standard LaTeX file
LaTeX Font Info:    Redeclaring font encoding T1 on input line 43.
)))
\symutopiasymbol=\mathgroup9
LaTeX Font Info:    Overwriting math alphabet `\mathmb' in version `normal'
(Font)                  T1/5ch/mb/n --> T1/5ch/mb/n on input line 34.
LaTeX Font Info:    Overwriting math alphabet `\mathmb' in version `bold'
(Font)                  T1/5ch/mb/n --> T1/5ch/mb/n on input line 35.
LaTeX Info: Redefining \em on input line 37.
\fontheight=\skip52
\fontdepth=\skip53
\fontstrutbox=\box27
LaTeX Info: Redefining \LaTeX on input line 108.
)
LaTeX Font Info:    Font shape `T1/mdbch/m/n' will be
(Font)              scaled to size 10.56007pt on input line 239.
)
\TUD@headfootsep=\skip54

(/usr/share/texmf/tex/latex/tuddesign/base/tudpage.sty
Package: tudpage 2009/08/11 1.10 Clemens von Loewenich's and Joe Werner's TUD-D
esign package

(/usr/share/texmf/tex/latex/tuddesign/base/tudpaper.sty
Package: tudpaper 2009/01/28 1.9 Clemens von Loewenich's and Joe Werner's TUD-D
esign package

(/usr/share/texlive/texmf-dist/tex/latex/graphics/graphicx.sty
Package: graphicx 2014/04/25 v1.0g Enhanced LaTeX Graphics (DPC,SPQR)

(/usr/share/texlive/texmf-dist/tex/latex/graphics/graphics.sty
Package: graphics 2009/02/05 v1.0o Standard LaTeX Graphics (DPC,SPQR)

(/usr/share/texlive/texmf-dist/tex/latex/graphics/trig.sty
Package: trig 1999/03/16 v1.09 sin cos tan (DPC)
)
(/usr/share/texlive/texmf-dist/tex/latex/latexconfig/graphics.cfg
File: graphics.cfg 2010/04/23 v1.9 graphics configuration of TeX Live
)
Package graphics Info: Driver file: pdftex.def on input line 91.
)
\Gin@req@height=\dimen105
\Gin@req@width=\dimen106
)
(/usr/share/texlive/texmf-dist/tex/latex/eso-pic/eso-pic.sty
Package: eso-pic 2013/10/06 v2.0d eso-pic (RN)

(/usr/share/texlive/texmf-dist/tex/generic/oberdiek/atbegshi.sty
Package: atbegshi 2011/10/05 v1.16 At begin shipout hook (HO)

(/usr/share/texlive/texmf-dist/tex/generic/oberdiek/ifpdf.sty
Package: ifpdf 2011/01/30 v2.3 Provides the ifpdf switch (HO)
Package ifpdf Info: pdfTeX in PDF mode is detected.
)))
\TUD@logo@height=\skip55
\TUD@logo@leftskip=\skip56
\TUD@sep@top=\skip57
\TUD@sep@left=\skip58
\TUD@sep@right=\skip59
\TUD@sep@bottom=\skip60
\TUD@titlepos=\skip61
\TUD@titlebox@sep@left=\skip62
\TUD@titlebox@sep@right=\skip63
\TUD@titlebox@sep@bottom=\skip64
\TUD@subtitlebox@sep=\skip65
\TUD@textwidth=\skip66
\TUD@cols@width=\skip67
\TUD@cols@sep=\skip68
\c@TUD@cols@n=\count94

(/usr/share/texmf/tex/latex/tuddesign/base/tudrules.sty
Package: tudrules 2008/10/09 1.6 Clemens von Loewenich's and Joe Werner's TUD-D
esign package
\TUD@indentbar@height=\skip69
\TUD@indentbar@depth=\skip70
\TUD@indentbar@totalheight=\skip71
\@TUD@indentbar@width=\skip72
\@TUD@largeruleheight=\skip73
\@TUD@smallruleheight=\skip74
\@TUD@rulesep=\skip75
\@TUD@ruleheight=\skip76
)
\TUD@indentbarheight=\skip77

(/usr/share/texlive/texmf-dist/tex/latex/geometry/geometry.sty
Package: geometry 2010/09/12 v5.6 Page Geometry

(/usr/share/texlive/texmf-dist/tex/generic/oberdiek/ifvtex.sty
Package: ifvtex 2010/03/01 v1.5 Detect VTeX and its facilities (HO)
Package ifvtex Info: VTeX not detected.
)
(/usr/share/texlive/texmf-dist/tex/generic/ifxetex/ifxetex.sty
Package: ifxetex 2010/09/12 v0.6 Provides ifxetex conditional
)
\Gm@cnth=\count95
\Gm@cntv=\count96
\c@Gm@tempcnt=\count97
\Gm@bindingoffset=\dimen107
\Gm@wd@mp=\dimen108
\Gm@odd@mp=\dimen109
\Gm@even@mp=\dimen110
\Gm@layoutwidth=\dimen111
\Gm@layoutheight=\dimen112
\Gm@layouthoffset=\dimen113
\Gm@layoutvoffset=\dimen114
\Gm@dimlist=\toks17
))
\TUD@footparindent=\skip78


Class scrreprt Warning: Usage of package `fancyhdr' together
(scrreprt)              with a KOMA-Script class is not recommended.
(scrreprt)              I'd suggest to use 
(scrreprt)              package `scrpage2' or `scrlayer-scrpage'.
(scrreprt)              Nevertheless, using requested
(scrreprt)              package `fancyhdr' on input line 47.

(/usr/share/texlive/texmf-dist/tex/latex/fancyhdr/fancyhdr.sty
\fancy@headwidth=\skip79
\f@ncyO@elh=\skip80
\f@ncyO@erh=\skip81
\f@ncyO@olh=\skip82
\f@ncyO@orh=\skip83
\f@ncyO@elf=\skip84
\f@ncyO@erf=\skip85
\f@ncyO@olf=\skip86
\f@ncyO@orf=\skip87
))
(/usr/share/texmf/tex/latex/tuddesign/base/tudheading.sty
Package: tudheading 2009/12/31 1.17 Clemens von Loewenich's and Joe Werner's TU
D-Design package


Class scrreprt Warning: Usage of package `titlesec' together
(scrreprt)              with a KOMA-Script class is not recommended.
(scrreprt)              I'd suggest to use the package only
(scrreprt)              if you really need it, because it breaks several
(scrreprt)              KOMA-Script features, i.e., option `headings' and
(scrreprt)              the extended optional argument of the section
(scrreprt)              commands .
(scrreprt)              Nevertheless, using requested
(scrreprt)              package `titlesec' on input line 12.

(/usr/share/texlive/texmf-dist/tex/latex/titlesec/titlesec.sty
Package: titlesec 2011/12/15 v2.10.0 Sectioning titles
\ttl@box=\box28
\beforetitleunit=\skip88
\aftertitleunit=\skip89
\ttl@plus=\dimen115
\ttl@minus=\dimen116
\ttl@toksa=\toks18
\titlewidth=\dimen117
\titlewidthlast=\dimen118
\titlewidthfirst=\dimen119
)
\c@seclinedepth=\count98
\TUD@chapter@diff@height=\skip90
LaTeX Font Info:    Font shape `T1/mdbch/m/n' will be
(Font)              scaled to size 22.27214pt on input line 75.
\@TUD@above@headskip=\skip91
\@TUD@below@headskip=\skip92

(/usr/share/texmf/tex/latex/tuddesign/base/tudheading.def
File: tudheading.def 2009/07/14
\TUD@part@tmp@height=\skip93
\TUD@part@tmp@depth=\skip94
\@TUD@partbox=\box29
)
\TUD@parind=\skip95
\TUD@chapind=\skip96
\TUD@secind=\skip97
\TUD@subsecind=\skip98
\TUD@subsubsecind=\skip99

(/usr/share/texlive/texmf-dist/tex/latex/titlesec/block.tss
File: block.tss 2011/12/15
)
(/usr/share/texlive/texmf-dist/tex/latex/titlesec/titletoc.sty
Package: titletoc 2011/12/15 v1.6 TOC entries
\ttl@leftsep=\dimen120
))
(/usr/share/texmf/tex/latex/tuddesign/base/tudredef.sty
Package: tudredef 2010/04/10 1.2 Clemens von Loewenich's and Joe Werner's TUD-D
esign package
\TUD@abstract@count=\count99
)
(/usr/share/texmf/tex/latex/tuddesign/report/tudreprt_title.sty
Package: tudreprt_title 2014/09/20 1.12 Clemens von Loewenich's and Joe Werner'
s TUD-Design package
\TUD@sponsorlogo=\box30
\TUD@titleskip=\skip100
))
(/usr/share/texlive/texmf-dist/tex/generic/babel/babel.sty
Package: babel 2014/09/25 3.9l The Babel package

(/usr/share/texlive/texmf-dist/tex/generic/babel-english/english.ldf
Language: english 2012/08/20 v3.3p English support from the babel system

(/usr/share/texlive/texmf-dist/tex/generic/babel/babel.def
File: babel.def 2014/09/25 3.9l Babel common definitions
\babel@savecnt=\count100
\U@D=\dimen121
)
\l@canadian = a dialect from \language\l@american 
\l@australian = a dialect from \language\l@british 
\l@newzealand = a dialect from \language\l@british 
)
(/usr/share/texlive/texmf-dist/tex/generic/babel-german/ngerman.ldf
Language: ngerman 2013/12/13 v2.7 German support for babel (new orthography)

(/usr/share/texlive/texmf-dist/tex/generic/babel-german/ngermanb.ldf
Language: ngermanb 2013/12/13 v2.7 German support for babel (new orthography)
\l@naustrian = a dialect from \language\l@ngerman 
\l@nswissgerman = a dialect from \language\l@ngerman 
Package babel Info: Making " an active character on input line 88.
)))
(/usr/share/texlive/texmf-dist/tex/latex/base/inputenc.sty
Package: inputenc 2014/04/30 v1.2b Input encoding file
\inpenc@prehook=\toks19
\inpenc@posthook=\toks20

(/usr/share/texlive/texmf-dist/tex/latex/base/ansinew.def
File: ansinew.def 2014/04/30 v1.2b Input encoding file
))
(/usr/share/texlive/texmf-dist/tex/latex/microtype/microtype.sty
Package: microtype 2013/05/23 v2.5a Micro-typographical refinements (RS)
\MT@toks=\toks21
\MT@count=\count101
LaTeX Info: Redefining \textls on input line 766.
\MT@outer@kern=\dimen122
LaTeX Info: Redefining \textmicrotypecontext on input line 1285.
\MT@listname@count=\count102

(/usr/share/texlive/texmf-dist/tex/latex/microtype/microtype-pdftex.def
File: microtype-pdftex.def 2013/05/23 v2.5a Definitions specific to pdftex (RS)

LaTeX Info: Redefining \lsstyle on input line 915.
LaTeX Info: Redefining \lslig on input line 915.
\MT@outer@space=\skip101
)
Package microtype Info: Loading configuration file microtype.cfg.

(/usr/share/texlive/texmf-dist/tex/latex/microtype/microtype.cfg
File: microtype.cfg 2013/05/23 v2.5a microtype main configuration file (RS)
))
(/usr/share/texmf/tex/latex/lm/lmodern.sty
Package: lmodern 2009/10/30 v1.6 Latin Modern Fonts
LaTeX Font Info:    Overwriting symbol font `operators' in version `normal'
(Font)                  OT1/mdbch/m/n --> OT1/lmr/m/n on input line 22.
LaTeX Font Info:    Overwriting symbol font `letters' in version `normal'
(Font)                  OML/mdbch/m/it --> OML/lmm/m/it on input line 23.
LaTeX Font Info:    Overwriting symbol font `symbols' in version `normal'
(Font)                  OMS/mdbch/m/n --> OMS/lmsy/m/n on input line 24.
LaTeX Font Info:    Overwriting symbol font `largesymbols' in version `normal'
(Font)                  OMX/mdbch/m/n --> OMX/lmex/m/n on input line 25.
LaTeX Font Info:    Overwriting symbol font `operators' in version `bold'
(Font)                  OT1/mdbch/b/n --> OT1/lmr/bx/n on input line 26.
LaTeX Font Info:    Overwriting symbol font `letters' in version `bold'
(Font)                  OML/mdbch/b/it --> OML/lmm/b/it on input line 27.
LaTeX Font Info:    Overwriting symbol font `symbols' in version `bold'
(Font)                  OMS/mdbch/b/n --> OMS/lmsy/b/n on input line 28.
LaTeX Font Info:    Overwriting symbol font `largesymbols' in version `bold'
(Font)                  OMX/mdbch/b/n --> OMX/lmex/m/n on input line 29.
LaTeX Font Info:    Overwriting math alphabet `\mathbf' in version `normal'
(Font)                  T1/mdbch/b/n --> OT1/lmr/bx/n on input line 31.
LaTeX Font Info:    Overwriting math alphabet `\mathsf' in version `normal'
(Font)                  T1/cmss/m/n --> OT1/lmss/m/n on input line 32.
LaTeX Font Info:    Overwriting math alphabet `\mathit' in version `normal'
(Font)                  T1/mdbch/m/it --> OT1/lmr/m/it on input line 33.
LaTeX Font Info:    Overwriting math alphabet `\mathtt' in version `normal'
(Font)                  T1/cmtt/m/n --> OT1/lmtt/m/n on input line 34.
LaTeX Font Info:    Overwriting math alphabet `\mathbf' in version `bold'
(Font)                  T1/mdbch/b/n --> OT1/lmr/bx/n on input line 35.
LaTeX Font Info:    Overwriting math alphabet `\mathsf' in version `bold'
(Font)                  T1/cmss/b/n --> OT1/lmss/bx/n on input line 36.
LaTeX Font Info:    Overwriting math alphabet `\mathit' in version `bold'
(Font)                  T1/mdbch/b/it --> OT1/lmr/bx/it on input line 37.
LaTeX Font Info:    Overwriting math alphabet `\mathtt' in version `bold'
(Font)                  T1/cmtt/b/n --> OT1/lmtt/m/n on input line 38.
)
(/usr/share/texlive/texmf-dist/tex/latex/booktabs/booktabs.sty
Package: booktabs 2005/04/14 v1.61803 publication quality tables
\heavyrulewidth=\dimen123
\lightrulewidth=\dimen124
\cmidrulewidth=\dimen125
\belowrulesep=\dimen126
\belowbottomsep=\dimen127
\aboverulesep=\dimen128
\abovetopsep=\dimen129
\cmidrulesep=\dimen130
\cmidrulekern=\dimen131
\defaultaddspace=\dimen132
\@cmidla=\count103
\@cmidlb=\count104
\@aboverulesep=\dimen133
\@belowrulesep=\dimen134
\@thisruleclass=\count105
\@lastruleclass=\count106
\@thisrulewidth=\dimen135
)
(/usr/share/texlive/texmf-dist/tex/latex/multirow/multirow.sty
\bigstrutjot=\dimen136
)
(/usr/share/texlive/texmf-dist/tex/latex/tools/longtable.sty
Package: longtable 2014/10/28 v4.11 Multi-page Table package (DPC)
\LTleft=\skip102
\LTright=\skip103
\LTpre=\skip104
\LTpost=\skip105
\LTchunksize=\count107
\LTcapwidth=\dimen137
\LT@head=\box31
\LT@firsthead=\box32
\LT@foot=\box33
\LT@lastfoot=\box34
\LT@cols=\count108
\LT@rows=\count109
\c@LT@tables=\count110
\c@LT@chunks=\count111
\LT@p@ftn=\toks22
)
Class scrreprt Info: longtable captions redefined on input line 23.

(/usr/share/texlive/texmf-dist/tex/latex/tools/tabularx.sty
Package: tabularx 2014/10/28 v2.10 `tabularx' package (DPC)

(/usr/share/texlive/texmf-dist/tex/latex/tools/array.sty
Package: array 2014/10/28 v2.4c Tabular extension package (FMi)
\col@sep=\dimen138
\extrarowheight=\dimen139
\NC@list=\toks23
\extratabsurround=\skip106
\backup@length=\skip107
)
\TX@col@width=\dimen140
\TX@old@table=\dimen141
\TX@old@col=\dimen142
\TX@target=\dimen143
\TX@delta=\dimen144
\TX@cols=\count112
\TX@ftn=\toks24
)
(/usr/share/texlive/texmf-dist/tex/latex/amsmath/amsmath.sty
Package: amsmath 2013/01/14 v2.14 AMS math features
\@mathmargin=\skip108

For additional information on amsmath, use the `?' option.
(/usr/share/texlive/texmf-dist/tex/latex/amsmath/amstext.sty
Package: amstext 2000/06/29 v2.01

(/usr/share/texlive/texmf-dist/tex/latex/amsmath/amsgen.sty
File: amsgen.sty 1999/11/30 v2.0
\@emptytoks=\toks25
\ex@=\dimen145
))
(/usr/share/texlive/texmf-dist/tex/latex/amsmath/amsbsy.sty
Package: amsbsy 1999/11/29 v1.2d
\pmbraise@=\dimen146
)
(/usr/share/texlive/texmf-dist/tex/latex/amsmath/amsopn.sty
Package: amsopn 1999/12/14 v2.01 operator names
)
\inf@bad=\count113
LaTeX Info: Redefining \frac on input line 210.
\uproot@=\count114
\leftroot@=\count115
LaTeX Info: Redefining \overline on input line 306.
\classnum@=\count116
\DOTSCASE@=\count117
LaTeX Info: Redefining \ldots on input line 378.
LaTeX Info: Redefining \dots on input line 381.
LaTeX Info: Redefining \cdots on input line 466.
\Mathstrutbox@=\box35
\strutbox@=\box36
\big@size=\dimen147
LaTeX Font Info:    Redeclaring font encoding OML on input line 566.
LaTeX Font Info:    Redeclaring font encoding OMS on input line 567.
\macc@depth=\count118
\c@MaxMatrixCols=\count119
\dotsspace@=\muskip10
\c@parentequation=\count120
\dspbrk@lvl=\count121
\tag@help=\toks26
\row@=\count122
\column@=\count123
\maxfields@=\count124
\andhelp@=\toks27
\eqnshift@=\dimen148
\alignsep@=\dimen149
\tagshift@=\dimen150
\tagwidth@=\dimen151
\totwidth@=\dimen152
\lineht@=\dimen153
\@envbody=\toks28
\multlinegap=\skip109
\multlinetaggap=\skip110
\mathdisplay@stack=\toks29
LaTeX Info: Redefining \[ on input line 2665.
LaTeX Info: Redefining \] on input line 2666.
)
(/usr/share/texlive/texmf-dist/tex/latex/units/nicefrac.sty
Package: nicefrac 1998/08/04 v0.9b Nice fractions
\L@UnitsRaiseDisplaystyle=\skip111
\L@UnitsRaiseTextstyle=\skip112
\L@UnitsRaiseScriptstyle=\skip113
)
(/usr/share/texlive/texmf-dist/tex/latex/was/icomma.sty
Package: icomma 2002/03/10 v2.0 (WaS)
)
(/usr/share/texlive/texmf-dist/tex/latex/paralist/paralist.sty
Package: paralist 2013/06/09 v2.4 Extended list environments
\pltopsep=\skip114
\plpartopsep=\skip115
\plitemsep=\skip116
\plparsep=\skip117
\pl@lab=\toks30
)
(/usr/share/texlive/texmf-dist/tex/latex/tocbibind/tocbibind.sty
Package: tocbibind 2010/10/13 v1.5k extra ToC listings
Package tocbibind Info: The document has chapter divisions on input line 50.


Package tocbibind Note: Using chapter style headings, unless overridden.

) (/usr/share/texlive/texmf-dist/tex/latex/hyperref/hyperref.sty
Package: hyperref 2012/11/06 v6.83m Hypertext links for LaTeX

(/usr/share/texlive/texmf-dist/tex/generic/oberdiek/hobsub-hyperref.sty
Package: hobsub-hyperref 2012/05/28 v1.13 Bundle oberdiek, subset hyperref (HO)


(/usr/share/texlive/texmf-dist/tex/generic/oberdiek/hobsub-generic.sty
Package: hobsub-generic 2012/05/28 v1.13 Bundle oberdiek, subset generic (HO)
Package: hobsub 2012/05/28 v1.13 Construct package bundles (HO)
Package hobsub Info: Skipping package `infwarerr' (already loaded).
Package hobsub Info: Skipping package `ltxcmds' (already loaded).
Package: ifluatex 2010/03/01 v1.3 Provides the ifluatex switch (HO)
Package ifluatex Info: LuaTeX not detected.
Package hobsub Info: Skipping package `ifvtex' (already loaded).
Package: intcalc 2007/09/27 v1.1 Expandable calculations with integers (HO)
Package hobsub Info: Skipping package `ifpdf' (already loaded).
Package: etexcmds 2011/02/16 v1.5 Avoid name clashes with e-TeX commands (HO)
Package etexcmds Info: Could not find \expanded.
(etexcmds)             That can mean that you are not using pdfTeX 1.50 or
(etexcmds)             that some package has redefined \expanded.
(etexcmds)             In the latter case, load this package earlier.
Package: kvsetkeys 2012/04/25 v1.16 Key value parser (HO)
Package: kvdefinekeys 2011/04/07 v1.3 Define keys (HO)
Package: pdftexcmds 2011/11/29 v0.20 Utility functions of pdfTeX for LuaTeX (HO
)
Package pdftexcmds Info: LuaTeX not detected.
Package pdftexcmds Info: \pdf@primitive is available.
Package pdftexcmds Info: \pdf@ifprimitive is available.
Package pdftexcmds Info: \pdfdraftmode found.
Package: pdfescape 2011/11/25 v1.13 Implements pdfTeX's escape features (HO)
Package: bigintcalc 2012/04/08 v1.3 Expandable calculations on big integers (HO
)
Package: bitset 2011/01/30 v1.1 Handle bit-vector datatype (HO)
Package: uniquecounter 2011/01/30 v1.2 Provide unlimited unique counter (HO)
)
Package hobsub Info: Skipping package `hobsub' (already loaded).
Package: letltxmacro 2010/09/02 v1.4 Let assignment for LaTeX macros (HO)
Package: hopatch 2012/05/28 v1.2 Wrapper for package hooks (HO)
Package: xcolor-patch 2011/01/30 xcolor patch
Package: atveryend 2011/06/30 v1.8 Hooks at the very end of document (HO)
Package atveryend Info: \enddocument detected (standard20110627).
Package hobsub Info: Skipping package `atbegshi' (already loaded).
Package: refcount 2011/10/16 v3.4 Data extraction from label references (HO)
Package: hycolor 2011/01/30 v1.7 Color options for hyperref/bookmark (HO)
)
(/usr/share/texlive/texmf-dist/tex/latex/oberdiek/auxhook.sty
Package: auxhook 2011/03/04 v1.3 Hooks for auxiliary files (HO)
)
(/usr/share/texlive/texmf-dist/tex/latex/oberdiek/kvoptions.sty
Package: kvoptions 2011/06/30 v3.11 Key value format for package options (HO)
)
\@linkdim=\dimen154
\Hy@linkcounter=\count125
\Hy@pagecounter=\count126

(/usr/share/texlive/texmf-dist/tex/latex/hyperref/pd1enc.def
File: pd1enc.def 2012/11/06 v6.83m Hyperref: PDFDocEncoding definition (HO)
)
\Hy@SavedSpaceFactor=\count127

(/usr/share/texlive/texmf-dist/tex/latex/latexconfig/hyperref.cfg
File: hyperref.cfg 2002/06/06 v1.2 hyperref configuration of TeXLive
)
Package hyperref Info: Option `colorlinks' set `false' on input line 4319.
Package hyperref Info: Hyper figures OFF on input line 4443.
Package hyperref Info: Link nesting OFF on input line 4448.
Package hyperref Info: Hyper index ON on input line 4451.
Package hyperref Info: Plain pages OFF on input line 4458.
Package hyperref Info: Backreferencing OFF on input line 4463.
Package hyperref Info: Implicit mode ON; LaTeX internals redefined.
Package hyperref Info: Bookmarks ON on input line 4688.
\c@Hy@tempcnt=\count128

(/usr/share/texlive/texmf-dist/tex/latex/url/url.sty
\Urlmuskip=\muskip11
Package: url 2013/09/16  ver 3.4  Verb mode for urls, etc.
)
LaTeX Info: Redefining \url on input line 5041.
\XeTeXLinkMargin=\dimen155
\Fld@menulength=\count129
\Field@Width=\dimen156
\Fld@charsize=\dimen157
Package hyperref Info: Hyper figures OFF on input line 6295.
Package hyperref Info: Link nesting OFF on input line 6300.
Package hyperref Info: Hyper index ON on input line 6303.
Package hyperref Info: backreferencing OFF on input line 6310.
Package hyperref Info: Link coloring OFF on input line 6315.
Package hyperref Info: Link coloring with OCG OFF on input line 6320.
Package hyperref Info: PDF/A mode OFF on input line 6325.
LaTeX Info: Redefining \ref on input line 6365.
LaTeX Info: Redefining \pageref on input line 6369.
\Hy@abspage=\count130
\c@Item=\count131
\c@Hfootnote=\count132
)

Package hyperref Message: Driver (autodetected): hpdftex.

(/usr/share/texlive/texmf-dist/tex/latex/hyperref/hpdftex.def
File: hpdftex.def 2012/11/06 v6.83m Hyperref driver for pdfTeX
\Fld@listcount=\count133
\c@bookmark@seq@number=\count134

(/usr/share/texlive/texmf-dist/tex/latex/oberdiek/rerunfilecheck.sty
Package: rerunfilecheck 2011/04/15 v1.7 Rerun checks for auxiliary files (HO)
Package uniquecounter Info: New unique counter `rerunfilecheck' on input line 2
82.
)
\Hy@SectionHShift=\skip118
)
(/usr/share/texlive/texmf-dist/tex/latex/tools/enumerate.sty
Package: enumerate 2014/10/28 v3.00 enumerate extensions (DPC)
\@enLab=\toks31
)
(/usr/share/texlive/texmf-dist/tex/latex/footmisc/footmisc.sty
Package: footmisc 2011/06/06 v5.5b a miscellany of footnote facilities
\FN@temptoken=\toks32
\footnotemargin=\dimen158
\c@pp@next@reset=\count135
Package footmisc Info: Declaring symbol style bringhurst on input line 855.
Package footmisc Info: Declaring symbol style chicago on input line 863.
Package footmisc Info: Declaring symbol style wiley on input line 872.
Package footmisc Info: Declaring symbol style lamport-robust on input line 883.

Package footmisc Info: Declaring symbol style lamport* on input line 903.
Package footmisc Info: Declaring symbol style lamport*-robust on input line 924
.
)
(/usr/share/texlive/texmf-dist/tex/latex/float/float.sty
Package: float 2001/11/08 v1.3d Float enhancements (AL)
\c@float@type=\count136
\float@exts=\toks33
\float@box=\box37
\@float@everytoks=\toks34
\@floatcapt=\box38
)
(/usr/share/texlive/texmf-dist/tex/latex/listings/listings.sty
\lst@mode=\count137
\lst@gtempboxa=\box39
\lst@token=\toks35
\lst@length=\count138
\lst@currlwidth=\dimen159
\lst@column=\count139
\lst@pos=\count140
\lst@lostspace=\dimen160
\lst@width=\dimen161
\lst@newlines=\count141
\lst@lineno=\count142
\lst@maxwidth=\dimen162

(/usr/share/texlive/texmf-dist/tex/latex/listings/lstmisc.sty
File: lstmisc.sty 2014/09/06 1.5e (Carsten Heinz)
\c@lstnumber=\count143
\lst@skipnumbers=\count144
\lst@framebox=\box40
)
(/usr/share/texlive/texmf-dist/tex/latex/listings/listings.cfg
File: listings.cfg 2014/09/06 1.5e listings configuration
))
Package: listings 2014/09/06 1.5e (Carsten Heinz)

(/usr/share/texlive/texmf-dist/tex/latex/caption/caption.sty
Package: caption 2013/05/02 v3.3-89 Customizing captions (AR)

(/usr/share/texlive/texmf-dist/tex/latex/caption/caption3.sty
Package: caption3 2013/05/02 v1.6-88 caption3 kernel (AR)
Package caption3 Info: TeX engine: e-TeX on input line 57.
\captionmargin=\dimen163
\captionmargin@=\dimen164
\captionwidth=\dimen165
\caption@tempdima=\dimen166
\caption@indent=\dimen167
\caption@parindent=\dimen168
\caption@hangindent=\dimen169
)
Package caption Info: KOMA-Script document class.
\c@ContinuedFloat=\count145
Package caption Info: float package is loaded.
Package caption Info: hyperref package is loaded.
Package caption Info: listings package is loaded.
Package caption Info: longtable package is loaded.

(/usr/share/texlive/texmf-dist/tex/latex/caption/ltcaption.sty
Package: ltcaption 2013/02/03 v1.3-62 longtable captions (AR)
))
(/usr/share/texlive/texmf-dist/tex/latex/caption/subcaption.sty
Package: subcaption 2013/02/03 v1.1-62 Sub-captions (AR)
\c@subfigure=\count146
\c@subtable=\count147
)
(/usr/share/texlive/texmf-dist/tex/latex/todonotes/todonotes.sty
Package: todonotes 2012/07/25 .dtx Todonotes source and documentation.
Package: todonotes 2012/07/25

(/usr/share/texlive/texmf-dist/tex/latex/pgf/frontendlayer/tikz.sty
(/usr/share/texlive/texmf-dist/tex/latex/pgf/basiclayer/pgf.sty
(/usr/share/texlive/texmf-dist/tex/latex/pgf/utilities/pgfrcs.sty
(/usr/share/texlive/texmf-dist/tex/generic/pgf/utilities/pgfutil-common.tex
\pgfutil@everybye=\toks36
\pgfutil@tempdima=\dimen170
\pgfutil@tempdimb=\dimen171

(/usr/share/texlive/texmf-dist/tex/generic/pgf/utilities/pgfutil-common-lists.t
ex)) (/usr/share/texlive/texmf-dist/tex/generic/pgf/utilities/pgfutil-latex.def
\pgfutil@abb=\box41
(/usr/share/texlive/texmf-dist/tex/latex/ms/everyshi.sty
Package: everyshi 2001/05/15 v3.00 EveryShipout Package (MS)
))
(/usr/share/texlive/texmf-dist/tex/generic/pgf/utilities/pgfrcs.code.tex
Package: pgfrcs 2013/12/20 v3.0.0 (rcs-revision 1.28)
))
Package: pgf 2013/12/18 v3.0.0 (rcs-revision 1.14)

(/usr/share/texlive/texmf-dist/tex/latex/pgf/basiclayer/pgfcore.sty
(/usr/share/texlive/texmf-dist/tex/latex/pgf/systemlayer/pgfsys.sty
(/usr/share/texlive/texmf-dist/tex/generic/pgf/systemlayer/pgfsys.code.tex
Package: pgfsys 2013/11/30 v3.0.0 (rcs-revision 1.47)

(/usr/share/texlive/texmf-dist/tex/generic/pgf/utilities/pgfkeys.code.tex
\pgfkeys@pathtoks=\toks37
\pgfkeys@temptoks=\toks38

(/usr/share/texlive/texmf-dist/tex/generic/pgf/utilities/pgfkeysfiltered.code.t
ex
\pgfkeys@tmptoks=\toks39
))
\pgf@x=\dimen172
\pgf@y=\dimen173
\pgf@xa=\dimen174
\pgf@ya=\dimen175
\pgf@xb=\dimen176
\pgf@yb=\dimen177
\pgf@xc=\dimen178
\pgf@yc=\dimen179
\w@pgf@writea=\write3
\r@pgf@reada=\read1
\c@pgf@counta=\count148
\c@pgf@countb=\count149
\c@pgf@countc=\count150
\c@pgf@countd=\count151
\t@pgf@toka=\toks40
\t@pgf@tokb=\toks41
\t@pgf@tokc=\toks42
 (/usr/share/texlive/texmf-dist/tex/generic/pgf/systemlayer/pgf.cfg
File: pgf.cfg 2008/05/14  (rcs-revision 1.7)
)
Driver file for pgf: pgfsys-pdftex.def

(/usr/share/texlive/texmf-dist/tex/generic/pgf/systemlayer/pgfsys-pdftex.def
File: pgfsys-pdftex.def 2013/07/18  (rcs-revision 1.33)

(/usr/share/texlive/texmf-dist/tex/generic/pgf/systemlayer/pgfsys-common-pdf.de
f
File: pgfsys-common-pdf.def 2013/10/10  (rcs-revision 1.13)
)))
(/usr/share/texlive/texmf-dist/tex/generic/pgf/systemlayer/pgfsyssoftpath.code.
tex
File: pgfsyssoftpath.code.tex 2013/09/09  (rcs-revision 1.9)
\pgfsyssoftpath@smallbuffer@items=\count152
\pgfsyssoftpath@bigbuffer@items=\count153
)
(/usr/share/texlive/texmf-dist/tex/generic/pgf/systemlayer/pgfsysprotocol.code.
tex
File: pgfsysprotocol.code.tex 2006/10/16  (rcs-revision 1.4)
))
(/usr/share/texlive/texmf-dist/tex/generic/pgf/basiclayer/pgfcore.code.tex
Package: pgfcore 2010/04/11 v3.0.0 (rcs-revision 1.7)

(/usr/share/texlive/texmf-dist/tex/generic/pgf/math/pgfmath.code.tex
(/usr/share/texlive/texmf-dist/tex/generic/pgf/math/pgfmathcalc.code.tex
(/usr/share/texlive/texmf-dist/tex/generic/pgf/math/pgfmathutil.code.tex)
(/usr/share/texlive/texmf-dist/tex/generic/pgf/math/pgfmathparser.code.tex
\pgfmath@dimen=\dimen180
\pgfmath@count=\count154
\pgfmath@box=\box42
\pgfmath@toks=\toks43
\pgfmath@stack@operand=\toks44
\pgfmath@stack@operation=\toks45
)
(/usr/share/texlive/texmf-dist/tex/generic/pgf/math/pgfmathfunctions.code.tex
(/usr/share/texlive/texmf-dist/tex/generic/pgf/math/pgfmathfunctions.basic.code
.tex)
(/usr/share/texlive/texmf-dist/tex/generic/pgf/math/pgfmathfunctions.trigonomet
ric.code.tex)
(/usr/share/texlive/texmf-dist/tex/generic/pgf/math/pgfmathfunctions.random.cod
e.tex)
(/usr/share/texlive/texmf-dist/tex/generic/pgf/math/pgfmathfunctions.comparison
.code.tex)
(/usr/share/texlive/texmf-dist/tex/generic/pgf/math/pgfmathfunctions.base.code.
tex)
(/usr/share/texlive/texmf-dist/tex/generic/pgf/math/pgfmathfunctions.round.code
.tex)
(/usr/share/texlive/texmf-dist/tex/generic/pgf/math/pgfmathfunctions.misc.code.
tex)
(/usr/share/texlive/texmf-dist/tex/generic/pgf/math/pgfmathfunctions.integerari
thmetics.code.tex)))
(/usr/share/texlive/texmf-dist/tex/generic/pgf/math/pgfmathfloat.code.tex
\c@pgfmathroundto@lastzeros=\count155
))
(/usr/share/texlive/texmf-dist/tex/generic/pgf/basiclayer/pgfcorepoints.code.te
x
File: pgfcorepoints.code.tex 2013/10/07  (rcs-revision 1.27)
\pgf@picminx=\dimen181
\pgf@picmaxx=\dimen182
\pgf@picminy=\dimen183
\pgf@picmaxy=\dimen184
\pgf@pathminx=\dimen185
\pgf@pathmaxx=\dimen186
\pgf@pathminy=\dimen187
\pgf@pathmaxy=\dimen188
\pgf@xx=\dimen189
\pgf@xy=\dimen190
\pgf@yx=\dimen191
\pgf@yy=\dimen192
\pgf@zx=\dimen193
\pgf@zy=\dimen194
)
(/usr/share/texlive/texmf-dist/tex/generic/pgf/basiclayer/pgfcorepathconstruct.
code.tex
File: pgfcorepathconstruct.code.tex 2013/10/07  (rcs-revision 1.29)
\pgf@path@lastx=\dimen195
\pgf@path@lasty=\dimen196
)
(/usr/share/texlive/texmf-dist/tex/generic/pgf/basiclayer/pgfcorepathusage.code
.tex
File: pgfcorepathusage.code.tex 2013/12/13  (rcs-revision 1.23)
\pgf@shorten@end@additional=\dimen197
\pgf@shorten@start@additional=\dimen198
)
(/usr/share/texlive/texmf-dist/tex/generic/pgf/basiclayer/pgfcorescopes.code.te
x
File: pgfcorescopes.code.tex 2013/10/09  (rcs-revision 1.44)
\pgfpic=\box43
\pgf@hbox=\box44
\pgf@layerbox@main=\box45
\pgf@picture@serial@count=\count156
)
(/usr/share/texlive/texmf-dist/tex/generic/pgf/basiclayer/pgfcoregraphicstate.c
ode.tex
File: pgfcoregraphicstate.code.tex 2013/09/19  (rcs-revision 1.11)
\pgflinewidth=\dimen199
)
(/usr/share/texlive/texmf-dist/tex/generic/pgf/basiclayer/pgfcoretransformation
s.code.tex
File: pgfcoretransformations.code.tex 2013/10/10  (rcs-revision 1.17)
\pgf@pt@x=\dimen200
\pgf@pt@y=\dimen201
\pgf@pt@temp=\dimen202
)
(/usr/share/texlive/texmf-dist/tex/generic/pgf/basiclayer/pgfcorequick.code.tex
File: pgfcorequick.code.tex 2008/10/09  (rcs-revision 1.3)
)
(/usr/share/texlive/texmf-dist/tex/generic/pgf/basiclayer/pgfcoreobjects.code.t
ex
File: pgfcoreobjects.code.tex 2006/10/11  (rcs-revision 1.2)
)
(/usr/share/texlive/texmf-dist/tex/generic/pgf/basiclayer/pgfcorepathprocessing
.code.tex
File: pgfcorepathprocessing.code.tex 2013/09/09  (rcs-revision 1.9)
)
(/usr/share/texlive/texmf-dist/tex/generic/pgf/basiclayer/pgfcorearrows.code.te
x
File: pgfcorearrows.code.tex 2013/11/07  (rcs-revision 1.40)
\pgfarrowsep=\dimen203
)
(/usr/share/texlive/texmf-dist/tex/generic/pgf/basiclayer/pgfcoreshade.code.tex
File: pgfcoreshade.code.tex 2013/07/15  (rcs-revision 1.15)
\pgf@max=\dimen204
\pgf@sys@shading@range@num=\count157
)
(/usr/share/texlive/texmf-dist/tex/generic/pgf/basiclayer/pgfcoreimage.code.tex
File: pgfcoreimage.code.tex 2013/07/15  (rcs-revision 1.18)

(/usr/share/texlive/texmf-dist/tex/generic/pgf/basiclayer/pgfcoreexternal.code.
tex
File: pgfcoreexternal.code.tex 2013/07/15  (rcs-revision 1.20)
\pgfexternal@startupbox=\box46
))
(/usr/share/texlive/texmf-dist/tex/generic/pgf/basiclayer/pgfcorelayers.code.te
x
File: pgfcorelayers.code.tex 2013/07/18  (rcs-revision 1.7)
)
(/usr/share/texlive/texmf-dist/tex/generic/pgf/basiclayer/pgfcoretransparency.c
ode.tex
File: pgfcoretransparency.code.tex 2013/09/30  (rcs-revision 1.5)
)
(/usr/share/texlive/texmf-dist/tex/generic/pgf/basiclayer/pgfcorepatterns.code.
tex
File: pgfcorepatterns.code.tex 2013/11/07  (rcs-revision 1.5)
)))
(/usr/share/texlive/texmf-dist/tex/generic/pgf/modules/pgfmoduleshapes.code.tex
File: pgfmoduleshapes.code.tex 2013/10/31  (rcs-revision 1.34)
\pgfnodeparttextbox=\box47
) (/usr/share/texlive/texmf-dist/tex/generic/pgf/modules/pgfmoduleplot.code.tex
File: pgfmoduleplot.code.tex 2013/07/31  (rcs-revision 1.12)
)
(/usr/share/texlive/texmf-dist/tex/latex/pgf/compatibility/pgfcomp-version-0-65
.sty
Package: pgfcomp-version-0-65 2007/07/03 v3.0.0 (rcs-revision 1.7)
\pgf@nodesepstart=\dimen205
\pgf@nodesepend=\dimen206
)
(/usr/share/texlive/texmf-dist/tex/latex/pgf/compatibility/pgfcomp-version-1-18
.sty
Package: pgfcomp-version-1-18 2007/07/23 v3.0.0 (rcs-revision 1.1)
)) (/usr/share/texlive/texmf-dist/tex/latex/pgf/utilities/pgffor.sty
(/usr/share/texlive/texmf-dist/tex/latex/pgf/utilities/pgfkeys.sty
(/usr/share/texlive/texmf-dist/tex/generic/pgf/utilities/pgfkeys.code.tex))
(/usr/share/texlive/texmf-dist/tex/latex/pgf/math/pgfmath.sty
(/usr/share/texlive/texmf-dist/tex/generic/pgf/math/pgfmath.code.tex))
(/usr/share/texlive/texmf-dist/tex/generic/pgf/utilities/pgffor.code.tex
Package: pgffor 2013/12/13 v3.0.0 (rcs-revision 1.25)

(/usr/share/texlive/texmf-dist/tex/generic/pgf/math/pgfmath.code.tex)
\pgffor@iter=\dimen207
\pgffor@skip=\dimen208
\pgffor@stack=\toks46
\pgffor@toks=\toks47
))
(/usr/share/texlive/texmf-dist/tex/generic/pgf/frontendlayer/tikz/tikz.code.tex
Package: tikz 2013/12/13 v3.0.0 (rcs-revision 1.142)

(/usr/share/texlive/texmf-dist/tex/generic/pgf/libraries/pgflibraryplothandlers
.code.tex
File: pgflibraryplothandlers.code.tex 2013/08/31 v3.0.0 (rcs-revision 1.20)
\pgf@plot@mark@count=\count158
\pgfplotmarksize=\dimen209
)
\tikz@lastx=\dimen210
\tikz@lasty=\dimen211
\tikz@lastxsaved=\dimen212
\tikz@lastysaved=\dimen213
\tikzleveldistance=\dimen214
\tikzsiblingdistance=\dimen215
\tikz@figbox=\box48
\tikz@figbox@bg=\box49
\tikz@tempbox=\box50
\tikz@tempbox@bg=\box51
\tikztreelevel=\count159
\tikznumberofchildren=\count160
\tikznumberofcurrentchild=\count161
\tikz@fig@count=\count162

(/usr/share/texlive/texmf-dist/tex/generic/pgf/modules/pgfmodulematrix.code.tex
File: pgfmodulematrix.code.tex 2013/09/17  (rcs-revision 1.8)
\pgfmatrixcurrentrow=\count163
\pgfmatrixcurrentcolumn=\count164
\pgf@matrix@numberofcolumns=\count165
)
\tikz@expandcount=\count166

(/usr/share/texlive/texmf-dist/tex/generic/pgf/frontendlayer/tikz/libraries/tik
zlibrarytopaths.code.tex
File: tikzlibrarytopaths.code.tex 2008/06/17 v3.0.0 (rcs-revision 1.2)
)))
(/usr/share/texlive/texmf-dist/tex/generic/pgf/frontendlayer/tikz/libraries/tik
zlibrarypositioning.code.tex
File: tikzlibrarypositioning.code.tex 2008/10/06 v3.0.0 (rcs-revision 1.7)
)
\c@@todonotes@numberoftodonotes=\count167
)
(/usr/share/texlive/texmf-dist/tex/latex/glossaries/base/glossaries.sty
Package: glossaries 2014/09/01 v4.11 (NLCT)

(/usr/share/texlive/texmf-dist/tex/latex/glossaries/base/mfirstuc.sty
Package: mfirstuc 2014/07/30 v1.09 (NLCT)

(/usr/share/texlive/texmf-dist/tex/latex/etoolbox/etoolbox.sty
Package: etoolbox 2011/01/03 v2.1 e-TeX tools for LaTeX

(/usr/share/texlive/texmf-dist/tex/latex/etex-pkg/etex.sty
Package: etex 1998/03/26 v2.0 eTeX basic definition package (PEB)
\et@xins=\count168
)
\etb@tempcnta=\count169
)
\@glsmfirst=\toks48
\@glsmrest=\toks49
)
(/usr/share/texlive/texmf-dist/tex/latex/textcase/textcase.sty
Package: textcase 2004/10/07 v0.07 Text only upper/lower case changing (DPC)
)
(/usr/share/texlive/texmf-dist/tex/latex/xfor/xfor.sty
Package: xfor 2009/02/05 v1.05 (NLCT)
)
(/usr/share/texlive/texmf-dist/tex/latex/datatool/datatool-base.sty
Package: datatool-base 2014/06/10 v2.22 (NLCT)

(/usr/share/texlive/texmf-dist/tex/latex/substr/substr.sty
Package: substr 2009/10/20 v1.2 Handle substrings
\c@su@anzahl=\count170
)
(/usr/share/texlive/texmf-dist/tex/latex/datatool/datatool-fp.sty
Package: datatool-fp 2013/08/29 v2.17 (NLCT)

(/usr/share/texlive/texmf-dist/tex/latex/fp/fp.sty
Package: fp 1995/04/02

`Fixed Point Package', Version 0.8, April 2, 1995 (C) Michael Mehlich
(/usr/share/texlive/texmf-dist/tex/latex/fp/defpattern.sty
Package: defpattern 1994/10/12
\actioncount=\count171
)
(/usr/share/texlive/texmf-dist/tex/latex/fp/fp-basic.sty
Package: fp-basic 1996/05/13
\FP@xs=\count172
\FP@xia=\count173
\FP@xib=\count174
\FP@xfa=\count175
\FP@xfb=\count176
\FP@rega=\count177
\FP@regb=\count178
\FP@regs=\count179
\FP@times=\count180
)
(/usr/share/texlive/texmf-dist/tex/latex/fp/fp-addons.sty
Package: fp-addons 1995/03/15
)
(/usr/share/texlive/texmf-dist/tex/latex/fp/fp-snap.sty
Package: fp-snap 1995/04/05
)
(/usr/share/texlive/texmf-dist/tex/latex/fp/fp-exp.sty
Package: fp-exp 1995/04/03
)
(/usr/share/texlive/texmf-dist/tex/latex/fp/fp-trigo.sty
Package: fp-trigo 1995/04/14
)
(/usr/share/texlive/texmf-dist/tex/latex/fp/fp-pas.sty
Package: fp-pas 1994/08/29
)
(/usr/share/texlive/texmf-dist/tex/latex/fp/fp-random.sty
Package: fp-random 1995/02/23
\FPseed=\count181
)
(/usr/share/texlive/texmf-dist/tex/latex/fp/fp-eqn.sty
Package: fp-eqn 1995/04/03
)
(/usr/share/texlive/texmf-dist/tex/latex/fp/fp-upn.sty
Package: fp-upn 1996/10/21
)
(/usr/share/texlive/texmf-dist/tex/latex/fp/fp-eval.sty
Package: fp-eval 1995/04/03
)))
\@dtl@toks=\toks50
\@dtl@tmpcount=\count182
\dtl@tmplength=\skip119
\dtl@sortresult=\count183
\@dtl@numgrpsepcount=\count184
\@dtl@datatype=\count185
\dtl@codeA=\count186
\dtl@codeB=\count187
\@dtl@foreach@level=\count188
)
(/usr/share/texlive/texmf-dist/tex/latex/glossaries/base/glossaries-compatible-
307.sty
Package: glossaries-compatible-307 2013/11/14 v4.0 (NLCT)
)
(/usr/share/texlive/texmf-dist/tex/latex/beamer/translator/translator.sty
Package: translator 2010/06/12 ver 1.10

(/usr/share/texlive/texmf-dist/tex/latex/beamer/translator/translator-language-
mappings.tex))
\gls@level=\count189
\@gls@tmpb=\toks51
\gls@tmplen=\skip120
\glskeylisttok=\toks52
\glslabeltok=\toks53
\glsshorttok=\toks54
\glslongtok=\toks55

(/usr/share/texlive/texmf-dist/tex/latex/glossaries/styles/glossary-hypernav.st
y
Package: glossary-hypernav 2013/11/14 v4.0 (NLCT)
) (/usr/share/texlive/texmf-dist/tex/latex/glossaries/styles/glossary-list.sty
Package: glossary-list 2013/11/14 v4.0 (NLCT)
\glslistdottedwidth=\skip121
) (/usr/share/texlive/texmf-dist/tex/latex/glossaries/styles/glossary-long.sty
Package: glossary-long 2013/11/14 v4.0 (NLCT)
\glsdescwidth=\skip122
\glspagelistwidth=\skip123
) (/usr/share/texlive/texmf-dist/tex/latex/glossaries/styles/glossary-super.sty
Package: glossary-super 2013/11/14 v4.0 (NLCT)

(/usr/share/texlive/texmf-dist/tex/latex/supertabular/supertabular.sty
Package: supertabular 2004/02/20 v4.1e the supertabular environment
\c@tracingst=\count190
\ST@wd=\dimen216
\ST@rightskip=\skip124
\ST@leftskip=\skip125
\ST@parfillskip=\skip126
\ST@pageleft=\dimen217
\ST@headht=\dimen218
\ST@tailht=\dimen219
\ST@pagesofar=\dimen220
\ST@pboxht=\dimen221
\ST@lineht=\dimen222
\ST@stretchht=\dimen223
\ST@prevht=\dimen224
\ST@toadd=\dimen225
\ST@dimen=\dimen226
\ST@pbox=\box52
))
(/usr/share/texlive/texmf-dist/tex/latex/glossaries/styles/glossary-tree.sty
Package: glossary-tree 2014/08/27 v4.10 (NLCT)
\glstreeindent=\skip127
))
(/usr/share/texlive/texmf-dist/tex/latex/circuitikz/circuitikz.sty
Package: circuitikz 2012/12/29 The CircuiTikz circuit drawing package version 0
.3.0

(/usr/share/texlive/texmf-dist/tex/generic/pgf/frontendlayer/tikz/libraries/tik
zlibrarycalc.code.tex
File: tikzlibrarycalc.code.tex 2013/07/15 v3.0.0 (rcs-revision 1.9)
)
(/usr/share/texlive/texmf-dist/tex/generic/pgf/libraries/decorations/pgflibrary
decorations.pathmorphing.code.tex
(/usr/share/texlive/texmf-dist/tex/generic/pgf/modules/pgfmoduledecorations.cod
e.tex
\pgfdecoratedcompleteddistance=\dimen227
\pgfdecoratedremainingdistance=\dimen228
\pgfdecoratedinputsegmentcompleteddistance=\dimen229
\pgfdecoratedinputsegmentremainingdistance=\dimen230
\pgf@decorate@distancetomove=\dimen231
\pgf@decorate@repeatstate=\count191
\pgfdecorationsegmentamplitude=\dimen232
\pgfdecorationsegmentlength=\dimen233
))
(/usr/share/texlive/texmf-dist/tex/generic/pgf/libraries/pgflibraryarrows.code.
tex
File: pgflibraryarrows.code.tex 2013/09/23 v3.0.0 (rcs-revision 1.16)
Normal \dimen register pool exhausted, switching to extended pool.
\arrowsize=\dimen256
) (/usr/share/texlive/texmf-dist/tex/latex/circuitikz/circuitikz.code.tex
\pgf@circ@Rlen=\dimen257

(/usr/share/texlive/texmf-dist/tex/latex/circuitikz/pgfcircutils.sty)
(/usr/share/texlive/texmf-dist/tex/latex/circuitikz/pgfcircmath.sty)
(/usr/share/texlive/texmf-dist/tex/latex/circuitikz/pgfcircshapes.sty)
(/usr/share/texlive/texmf-dist/tex/latex/circuitikz/pgfcircmonopoles.sty)
(/usr/share/texlive/texmf-dist/tex/latex/circuitikz/pgfcircbipoles.sty)
(/usr/share/texlive/texmf-dist/tex/latex/circuitikz/pgfcirctripoles.sty)
(/usr/share/texlive/texmf-dist/tex/latex/circuitikz/pgfcircquadpoles.sty)
(/usr/share/texlive/texmf-dist/tex/latex/circuitikz/pgfcirclabel.sty)
(/usr/share/texlive/texmf-dist/tex/latex/circuitikz/pgfcircvoltage.sty)
(/usr/share/texlive/texmf-dist/tex/latex/circuitikz/pgfcirccurrent.sty))
(/usr/share/texlive/texmf-dist/tex/latex/circuitikz/circuitikz1.code.tex
\pgf@circ@res@up=\dimen258
\pgf@circ@res@down=\dimen259
\pgf@circ@res@zero=\dimen260
\pgf@circ@res@left=\dimen261
\pgf@circ@res@right=\dimen262
\pgf@circ@res@other=\dimen263
\pgf@circ@res@step=\dimen264
\pgfstartlinewidth=\dimen265
))
(/usr/share/texlive/texmf-dist/tex/latex/appendix/appendix.sty
Package: appendix 2009/09/02 v1.2b extra appendix facilities
\c@@pps=\count192
\c@@ppsavesec=\count193
\c@@ppsaveapp=\count194
) (./final.aux
(./appendix.aux))
\openout1 = `final.aux'.

LaTeX Font Info:    Checking defaults for OML/cmm/m/it on input line 67.
LaTeX Font Info:    ... okay on input line 67.
LaTeX Font Info:    Checking defaults for T1/cmr/m/n on input line 67.
LaTeX Font Info:    ... okay on input line 67.
LaTeX Font Info:    Checking defaults for OT1/cmr/m/n on input line 67.
LaTeX Font Info:    ... okay on input line 67.
LaTeX Font Info:    Checking defaults for OMS/cmsy/m/n on input line 67.
LaTeX Font Info:    ... okay on input line 67.
LaTeX Font Info:    Checking defaults for OMX/cmex/m/n on input line 67.
LaTeX Font Info:    ... okay on input line 67.
LaTeX Font Info:    Checking defaults for U/cmr/m/n on input line 67.
LaTeX Font Info:    ... okay on input line 67.
LaTeX Font Info:    Checking defaults for TS1/cmr/m/n on input line 67.
LaTeX Font Info:    ... okay on input line 67.
LaTeX Font Info:    Checking defaults for MDA/cmr/m/n on input line 67.
LaTeX Font Info:    Try loading font information for MDA+cmr on input line 67.
 (/usr/share/texlive/texmf-dist/tex/latex/mathdesign/mdacmr.fd
File: mdacmr.fd 
)
LaTeX Font Info:    ... okay on input line 67.
LaTeX Font Info:    Checking defaults for MDB/cmr/m/n on input line 67.
LaTeX Font Info:    Try loading font information for MDB+cmr on input line 67.
 (/usr/share/texlive/texmf-dist/tex/latex/mathdesign/mdbcmr.fd
File: mdbcmr.fd 
)
LaTeX Font Info:    ... okay on input line 67.
LaTeX Font Info:    Checking defaults for PD1/pdf/m/n on input line 67.
LaTeX Font Info:    ... okay on input line 67.
LaTeX Font Info:    Try loading font information for T1+lmr on input line 67.

(/usr/share/texmf/tex/latex/lm/t1lmr.fd
File: t1lmr.fd 2009/10/30 v1.6 Font defs for Latin Modern
)
(/usr/share/texlive/texmf-dist/tex/context/base/supp-pdf.mkii
[Loading MPS to PDF converter (version 2006.09.02).]
\scratchcounter=\count195
\scratchdimen=\dimen266
\scratchbox=\box53
\nofMPsegments=\count196
\nofMParguments=\count197
\everyMPshowfont=\toks56
\MPscratchCnt=\count198
\MPscratchDim=\dimen267
\MPnumerator=\count199
\makeMPintoPDFobject=\count200
\everyMPtoPDFconversion=\toks57
) (/usr/share/texlive/texmf-dist/tex/latex/oberdiek/epstopdf-base.sty
Package: epstopdf-base 2010/02/09 v2.5 Base part for package epstopdf

(/usr/share/texlive/texmf-dist/tex/latex/oberdiek/grfext.sty
Package: grfext 2010/08/19 v1.1 Manage graphics extensions (HO)
)
Package grfext Info: Graphics extension search list:
(grfext)             [.png,.pdf,.jpg,.mps,.jpeg,.jbig2,.jb2,.PNG,.PDF,.JPG,.JPE
G,.JBIG2,.JB2,.eps]
(grfext)             \AppendGraphicsExtensions on input line 452.

(/usr/share/texlive/texmf-dist/tex/latex/latexconfig/epstopdf-sys.cfg
File: epstopdf-sys.cfg 2010/07/13 v1.3 Configuration of (r)epstopdf for TeX Liv
e
))
\AtBeginShipoutBox=\box54

*geometry* detected driver: dvips
*geometry* verbose mode - [ preamble ] result:
* driver: dvips
* paper: a4paper
* layout: <same size as paper>
* layoutoffset:(h,v)=(0.0pt,0.0pt)
* modes: includehead includefoot includemp twoside 
* h-part:(L,W,R)=(56.9055pt, 497.92325pt, 42.67912pt)
* v-part:(T,H,B)=(42.67912pt, 745.46222pt, 56.9055pt)
* \paperwidth=597.50787pt
* \paperheight=845.04684pt
* \textwidth=497.92325pt
* \textheight=701.09778pt
* \oddsidemargin=-15.36449pt
* \evensidemargin=-29.59087pt
* \topmargin=-29.59087pt
* \headheight=16.56445pt
* \headsep=13.9pt
* \topskip=11.0pt
* \footskip=13.9pt
* \marginparwidth=0.0pt
* \marginparsep=0.0pt
* \columnsep=11.95013pt
* \skip\footins=10.0pt plus 4.0pt minus 2.0pt
* \hoffset=0.0pt
* \voffset=0.0pt
* \mag=1000
* \@twocolumnfalse
* \@twosidetrue
* \@mparswitchtrue
* \@reversemarginfalse
* (1in=72.27pt=25.4mm, 1cm=28.453pt)

\TUD@part@topskip=\skip128
LaTeX Info: Redefining \microtypecontext on input line 67.
Package microtype Info: Generating PDF output.
Package microtype Info: Character protrusion enabled (level 2).
Package microtype Info: Using default protrusion set `alltext'.
Package microtype Info: Automatic font expansion enabled (level 2),
(microtype)             stretch: 20, shrink: 20, step: 1, non-selected.
Package microtype Info: Using default expansion set `basictext'.
Package microtype Info: No adjustment of tracking.
Package microtype Info: No adjustment of interword spacing.
Package microtype Info: No adjustment of character kerning.
(/usr/share/texlive/texmf-dist/tex/latex/microtype/mt-cmr.cfg
File: mt-cmr.cfg 2013/05/19 v2.2 microtype config. file: Computer Modern Roman 
(RS)
)
Package hyperref Info: Link coloring OFF on input line 67.

(/usr/share/texlive/texmf-dist/tex/latex/hyperref/nameref.sty
Package: nameref 2012/10/27 v2.43 Cross-referencing by name of section

(/usr/share/texlive/texmf-dist/tex/generic/oberdiek/gettitlestring.sty
Package: gettitlestring 2010/12/03 v1.4 Cleanup title references (HO)
)
\c@section@level=\count201
)
LaTeX Info: Redefining \ref on input line 67.
LaTeX Info: Redefining \pageref on input line 67.
LaTeX Info: Redefining \nameref on input line 67.

(./final.out) (./final.out)
\@outlinefile=\write4
\openout4 = `final.out'.

\c@lstlisting=\count202
Package caption Info: Begin \AtBeginDocument code.
Package caption Info: supertabular package is loaded.
Package caption Info: End \AtBeginDocument code.
 ABD: EveryShipout initializing macros
(/usr/share/texlive/texmf-dist/tex/latex/glossaries/dict/glossaries-dictionary-
English.dict
Dictionary: glossaries-dictionary, Language: English 
)
\@TUD@tmp@baselineskip=\skip129
\@TUD@tmp@parwidth=\skip130
\TUD@titleboxheight=\skip131
\TUD@titleboxdepth=\skip132
\TUD@subtitleboxheight=\skip133
\TUD@subtitleboxdepth=\skip134
\TUD@logoboxheight=\skip135
\TUD@logoboxwidth=\skip136
\TUD@colorbackheight=\skip137
\TUD@colorbacktitleheight=\skip138
\TUD@instboxheight=\skip139
\TUD@instboxdepth=\skip140
\TUD@instboxwidth=\skip141
\TUD@instlogoheight=\skip142
\TUD@instlogowidth=\skip143
\TUD@sponsorheight=\skip144
\TUD@titlebox=\box55
\TUD@subtitlebox=\box56
\TUD@logobox=\box57
\TUD@instbox=\box58
\TUD@sponsorbox=\box59
\TUD@tmp@height=\skip145
\TUD@tmp@depth=\skip146
LaTeX Font Info:    Try loading font information for T1+lmss on input line 78.
 (/usr/share/texmf/tex/latex/lm/t1lmss.fd
File: t1lmss.fd 2009/10/30 v1.6 Font defs for Latin Modern
)

LaTeX Font Warning: Font shape `T1/lmss/mb/n' undefined
(Font)              using `T1/lmss/m/n' instead on input line 78.

Package microtype Info: Loading generic settings for font family
(microtype)             `lmss' (encoding: T1).
(microtype)             For optimal results, create family-specific settings.
(microtype)             See the microtype manual for details.
LaTeX Font Info:    Try loading font information for OT1+lmr on input line 78.
(/usr/share/texmf/tex/latex/lm/ot1lmr.fd
File: ot1lmr.fd 2009/10/30 v1.6 Font defs for Latin Modern
)
LaTeX Font Info:    Try loading font information for OML+lmm on input line 78.

(/usr/share/texmf/tex/latex/lm/omllmm.fd
File: omllmm.fd 2009/10/30 v1.6 Font defs for Latin Modern
)
LaTeX Font Info:    Try loading font information for OMS+lmsy on input line 78.


(/usr/share/texmf/tex/latex/lm/omslmsy.fd
File: omslmsy.fd 2009/10/30 v1.6 Font defs for Latin Modern
)
LaTeX Font Info:    Try loading font information for OMX+lmex on input line 78.


(/usr/share/texmf/tex/latex/lm/omxlmex.fd
File: omxlmex.fd 2009/10/30 v1.6 Font defs for Latin Modern
)
LaTeX Font Info:    External font `lmex10' loaded for size
(Font)              <11.5> on input line 78.
LaTeX Font Info:    External font `lmex10' loaded for size
(Font)              <8.0> on input line 78.
LaTeX Font Info:    External font `lmex10' loaded for size
(Font)              <6.9> on input line 78.
LaTeX Font Info:    Try loading font information for OMS+mdbch on input line 78
.

(/usr/share/texlive/texmf-dist/tex/latex/mathdesign/mdbch/omsmdbch.fd
File: omsmdbch.fd 2013/08/29 Fontinst v1.933 font definitions for OMS/mdbch.
)
LaTeX Font Info:    Font shape `OMS/mdbch/m/n' will be
(Font)              scaled to size 11.04007pt on input line 78.

(/usr/share/texlive/texmf-dist/tex/latex/microtype/mt-bch.cfg
File: mt-bch.cfg 2007/03/03 v1.5 microtype config. file: Bitstream Charter (RS)

)
LaTeX Font Info:    Font shape `OMS/mdbch/m/n' will be
(Font)              scaled to size 7.68005pt on input line 78.
LaTeX Font Info:    Font shape `OMS/mdbch/m/n' will be
(Font)              scaled to size 6.62404pt on input line 78.
LaTeX Font Info:    Try loading font information for OML+mdbch on input line 78
.

(/usr/share/texlive/texmf-dist/tex/latex/mathdesign/mdbch/omlmdbch.fd
File: omlmdbch.fd 2013/08/29 Fontinst v1.933 font definitions for OML/mdbch.
)
LaTeX Font Info:    Font shape `OML/mdbch/m/n' will be
(Font)              scaled to size 11.04007pt on input line 78.
LaTeX Font Info:    Font shape `OML/mdbch/m/n' will be
(Font)              scaled to size 7.68005pt on input line 78.
LaTeX Font Info:    Font shape `OML/mdbch/m/n' will be
(Font)              scaled to size 6.62404pt on input line 78.
LaTeX Font Info:    Try loading font information for MDA+mdbch on input line 78
.

(/usr/share/texlive/texmf-dist/tex/latex/mathdesign/mdbch/mdamdbch.fd
File: mdamdbch.fd 2013/08/29 Fontinst v1.933 font definitions for MDA/mdbch.
)
LaTeX Font Info:    Font shape `MDA/mdbch/m/n' will be
(Font)              scaled to size 11.04007pt on input line 78.
LaTeX Font Info:    Font shape `MDA/mdbch/m/n' will be
(Font)              scaled to size 7.68005pt on input line 78.
LaTeX Font Info:    Font shape `MDA/mdbch/m/n' will be
(Font)              scaled to size 6.62404pt on input line 78.
LaTeX Font Info:    Try loading font information for MDB+mdbch on input line 78
.

(/usr/share/texlive/texmf-dist/tex/latex/mathdesign/mdbch/mdbmdbch.fd
File: mdbmdbch.fd 2013/08/29 Fontinst v1.933 font definitions for MDB/mdbch.
)
LaTeX Font Info:    Font shape `MDB/mdbch/m/n' will be
(Font)              scaled to size 11.04007pt on input line 78.
LaTeX Font Info:    Font shape `MDB/mdbch/m/n' will be
(Font)              scaled to size 7.68005pt on input line 78.
LaTeX Font Info:    Font shape `MDB/mdbch/m/n' will be
(Font)              scaled to size 6.62404pt on input line 78.
LaTeX Font Info:    Try loading font information for OML+mdput on input line 78
.

(/usr/share/texlive/texmf-dist/tex/latex/mathdesign/mdput/omlmdput.fd
File: omlmdput.fd 2013/08/29 Fontinst v1.933 font definitions for OML/mdput.
)
LaTeX Font Info:    Font shape `OML/mdput/m/it' will be
(Font)              scaled to size 10.81003pt on input line 78.
LaTeX Font Info:    Font shape `OML/mdput/m/it' will be
(Font)              scaled to size 7.52002pt on input line 78.
LaTeX Font Info:    Font shape `OML/mdput/m/it' will be
(Font)              scaled to size 6.48601pt on input line 78.
\@TUD@titlelines=\count203


Package  Warning: Title has more then 3 lines. Fontsize reduced on input line 7
8.

<tud_logo.pdf, id=171, 157.58875pt x 63.23625pt>
File: tud_logo.pdf Graphic file (type pdf)
 <use tud_logo.pdf>
Package pdftex.def Info: tud_logo.pdf used on input line 78.
(pdftex.def)             Requested size: 134.92238pt x 62.59605pt.

Overfull \hbox (10.88788pt too wide) in paragraph at lines 78--78
[][]  
 []


Overfull \hbox (10.88788pt too wide) in paragraph at lines 78--78
[][][]  
 []


Overfull \hbox (10.88788pt too wide) in paragraph at lines 78--78
[][]  
 []


Overfull \hbox (10.88788pt too wide) in paragraph at lines 78--78
[][][]  
 []

File: tud_logo.pdf Graphic file (type pdf)
<use tud_logo.pdf>
Package pdftex.def Info: tud_logo.pdf used on input line 78.
(pdftex.def)             Requested size: 134.92238pt x 62.59605pt.
 [-1
Non-PDF special ignored!


Non-PDF special ignored!{/var/lib/texmf/fonts/map/pdftex/updmap/pdftex.map} </u
sr/share/texmf/tex/latex/tuddesign/logo/tud_logo.pdf>] [0

]
Overfull \hbox (10.88785pt too wide) in paragraph at lines 99--100
[] 
 []


Underfull \hbox (badness 10000) in paragraph at lines 108--110

 []

[1





] [2


] [3] [4


] [5] [6


] [7] [8


]
Package tocbasic Info: character protrusion at toc deactivated on input line 12
3.
 (./final.toc [9])
\tf@toc=\write5
\openout5 = `final.toc'.

 [10] (./final.lof [11


])
\tf@lof=\write6
\openout6 = `final.lof'.


[12] (./final.lot [13


])
\tf@lot=\write7
\openout7 = `final.lot'.

 [14] (./introduction.tex
Chapter 1.

Class scrreprt Warning: \float@addtolists detected!
(scrreprt)              Implementation of \float@addtolist became
(scrreprt)              deprecated in KOMA-Script v3.01 2008/11/14 and
(scrreprt)              has been replaced by more several more flexible
(scrreprt)              features of package `tocbasic`.
(scrreprt)              Since Version 3.12 support for deprecated
(scrreprt)              \float@addtolist interface has been
(scrreprt)              restricted to only some of the KOMA-Script
(scrreprt)              features and been removed from others.
(scrreprt)              Loading of package `scrhack' may help to
(scrreprt)              avoid this warning, if you are using a
(scrreprt)              a package that still implements the
(scrreprt)              deprecated \float@addtolist interface .

[1




] [2] [3] [4]) (./theory.tex
Chapter 2.


pdfTeX warning: pdflatex (file ./Figures/System_Level/OTA_Symbol.pdf): PDF incl
usion: found PDF version <1.6>, but at most version <1.5> allowed
<Figures/System_Level/OTA_Symbol.pdf, id=459, 162.79921pt x 130.7595pt>
File: Figures/System_Level/OTA_Symbol.pdf Graphic file (type pdf)

<use Figures/System_Level/OTA_Symbol.pdf>
Package pdftex.def Info: Figures/System_Level/OTA_Symbol.pdf used on input line
 6.
(pdftex.def)             Requested size: 162.7988pt x 130.75917pt.

pdfTeX warning (font expansion): font should be expanded before its first use
) (./design.tex [5


 <./Figures/System_Level/OTA_Symbol.pdf>] [6


]
Chapter 3.


pdfTeX warning: pdflatex (file ./Figures/Schematics/OTA_NMOS_Vbias.pdf): PDF in
clusion: found PDF version <1.6>, but at most version <1.5> allowed
<Figures/Schematics/OTA_NMOS_Vbias.pdf, id=477, 450.2652pt x 327.18137pt>
File: Figures/Schematics/OTA_NMOS_Vbias.pdf Graphic file (type pdf)

<use Figures/Schematics/OTA_NMOS_Vbias.pdf>
Package pdftex.def Info: Figures/Schematics/OTA_NMOS_Vbias.pdf used on input li
ne 18.
(pdftex.def)             Requested size: 450.2641pt x 327.18056pt.

Underfull \vbox (badness 10000) has occurred while \output is active []

 [7]
[8 <./Figures/Schematics/OTA_NMOS_Vbias.pdf>]

pdfTeX warning: pdflatex (file ./Figures/Test_Benches/OTA/OTA_ACDC.pdf): PDF in
clusion: found PDF version <1.6>, but at most version <1.5> allowed
<Figures/Test_Benches/OTA/OTA_ACDC.pdf, id=497, 241.57854pt x 221.79262pt>
File: Figures/Test_Benches/OTA/OTA_ACDC.pdf Graphic file (type pdf)

<use Figures/Test_Benches/OTA/OTA_ACDC.pdf>
Package pdftex.def Info: Figures/Test_Benches/OTA/OTA_ACDC.pdf used on input li
ne 60.
(pdftex.def)             Requested size: 241.57794pt x 221.79205pt.
 [9 <./Figures/Test_Benches/OTA/OTA_ACDC.pdf>] <Figures/Plots/OTA_Gain.pdf, id=
513, 426.59375pt x 270.00874pt>
File: Figures/Plots/OTA_Gain.pdf Graphic file (type pdf)

<use Figures/Plots/OTA_Gain.pdf>
Package pdftex.def Info: Figures/Plots/OTA_Gain.pdf used on input line 92.
(pdftex.def)             Requested size: 426.5927pt x 270.00807pt.


Package caption Warning: \label without proper \caption on input line 108.
See the caption package documentation for explanation.


LaTeX Warning: Reference `tab:OTA_gain_bw_pm' on page 10 undefined on input lin
e 97.

<Figures/Plots/OTA_Gain_Abs.pdf, id=515, 426.59375pt x 270.00874pt>
File: Figures/Plots/OTA_Gain_Abs.pdf Graphic file (type pdf)

<use Figures/Plots/OTA_Gain_Abs.pdf>
Package pdftex.def Info: Figures/Plots/OTA_Gain_Abs.pdf used on input line 115.

(pdftex.def)             Requested size: 426.5927pt x 270.00807pt.

Underfull \vbox (badness 10000) has occurred while \output is active []

 [10 <./Figures/Plots/OTA_Gain.pdf>]
Underfull \vbox (badness 10000) has occurred while \output is active []

 [11 <./Figures/Plots/OTA_Gain_Abs.pdf>]

pdfTeX warning: pdflatex (file ./Figures/Test_Benches/OTA/OTA_Sine.pdf): PDF in
clusion: found PDF version <1.6>, but at most version <1.5> allowed
<Figures/Test_Benches/OTA/OTA_Sine.pdf, id=649, 304.10915pt x 221.79262pt>
File: Figures/Test_Benches/OTA/OTA_Sine.pdf Graphic file (type pdf)

<use Figures/Test_Benches/OTA/OTA_Sine.pdf>
Package pdftex.def Info: Figures/Test_Benches/OTA/OTA_Sine.pdf used on input li
ne 160.
(pdftex.def)             Requested size: 304.1084pt x 221.79205pt.

<Figures/Plots/OTA_Sine.pdf, id=651, 426.59375pt x 270.00874pt>
File: Figures/Plots/OTA_Sine.pdf Graphic file (type pdf)

<use Figures/Plots/OTA_Sine.pdf>
Package pdftex.def Info: Figures/Plots/OTA_Sine.pdf used on input line 169.
(pdftex.def)             Requested size: 426.5927pt x 270.00807pt.

Underfull \vbox (badness 10000) has occurred while \output is active []

 [12 <./Figures/Test_Benches/OTA/OTA_Sine.pdf>]

pdfTeX warning: pdflatex (file ./Figures/Test_Benches/OTA/OTA_Slew.pdf): PDF in
clusion: found PDF version <1.6>, but at most version <1.5> allowed
<Figures/Test_Benches/OTA/OTA_Slew.pdf, id=665, 261.54715pt x 237.49226pt>
File: Figures/Test_Benches/OTA/OTA_Slew.pdf Graphic file (type pdf)

<use Figures/Test_Benches/OTA/OTA_Slew.pdf>
Package pdftex.def Info: Figures/Test_Benches/OTA/OTA_Slew.pdf used on input li
ne 199.
(pdftex.def)             Requested size: 261.5465pt x 237.49167pt.

Underfull \vbox (badness 10000) has occurred while \output is active []

 [13 <./Figures/Plots/OTA_Sine.pdf>]

pdfTeX warning: pdflatex (file ./Figures/Test_Benches/OTA/OTA_PSRR.pdf): PDF in
clusion: found PDF version <1.6>, but at most version <1.5> allowed
<Figures/Test_Benches/OTA/OTA_PSRR.pdf, id=698, 445.23538pt x 228.32703pt>
File: Figures/Test_Benches/OTA/OTA_PSRR.pdf Graphic file (type pdf)

<use Figures/Test_Benches/OTA/OTA_PSRR.pdf>
Package pdftex.def Info: Figures/Test_Benches/OTA/OTA_PSRR.pdf used on input li
ne 226.
(pdftex.def)             Requested size: 445.23428pt x 228.32645pt.

Underfull \vbox (badness 10000) has occurred while \output is active []

 [14 <./Figures/Test_Benches/OTA/OTA_Slew.pdf>]

pdfTeX warning: pdflatex (file ./Figures/Test_Benches/OTA/OTA_Zin.pdf): PDF inc
lusion: found PDF version <1.6>, but at most version <1.5> allowed
<Figures/Test_Benches/OTA/OTA_Zin.pdf, id=714, 217.09006pt x 221.79262pt>
File: Figures/Test_Benches/OTA/OTA_Zin.pdf Graphic file (type pdf)

<use Figures/Test_Benches/OTA/OTA_Zin.pdf>
Package pdftex.def Info: Figures/Test_Benches/OTA/OTA_Zin.pdf used on input lin
e 256.
(pdftex.def)             Requested size: 217.08951pt x 221.79205pt.
 [15 <./Figures/Test_Benches/OTA/OTA_PSRR.pdf>]

pdfTeX warning: pdflatex (file ./Figures/Test_Benches/OTA/OTA_Zout.pdf): PDF in
clusion: found PDF version <1.6>, but at most version <1.5> allowed
<Figures/Test_Benches/OTA/OTA_Zout.pdf, id=728, 245.60559pt x 221.79262pt>
File: Figures/Test_Benches/OTA/OTA_Zout.pdf Graphic file (type pdf)

<use Figures/Test_Benches/OTA/OTA_Zout.pdf>
Package pdftex.def Info: Figures/Test_Benches/OTA/OTA_Zout.pdf used on input li
ne 283.
(pdftex.def)             Requested size: 245.60498pt x 221.79205pt.

Underfull \vbox (badness 10000) has occurred while \output is active []

 [16 <./Figures/Test_Benches/OTA/OTA_Zin.pdf>]

pdfTeX warning: pdflatex (file ./Figures/Schematics/OPAMP_Vbias.pdf): PDF inclu
sion: found PDF version <1.6>, but at most version <1.5> allowed
<Figures/Schematics/OPAMP_Vbias.pdf, id=741, 480.42487pt x 311.33815pt>
File: Figures/Schematics/OPAMP_Vbias.pdf Graphic file (type pdf)

<use Figures/Schematics/OPAMP_Vbias.pdf>
Package pdftex.def Info: Figures/Schematics/OPAMP_Vbias.pdf used on input line 
306.
(pdftex.def)             Requested size: 480.42368pt x 311.33739pt.

Underfull \vbox (badness 10000) has occurred while \output is active []

 [17 <./Figures/Test_Benches/OTA/OTA_Zout.pdf>]

pdfTeX warning: pdflatex (file ./Figures/Test_Benches/OPAMP/OPAMP_ICMR.pdf): PD
F inclusion: found PDF version <1.6>, but at most version <1.5> allowed
<Figures/Test_Benches/OPAMP/OPAMP_ICMR.pdf, id=753, 257.9808pt x 218.93494pt>
File: Figures/Test_Benches/OPAMP/OPAMP_ICMR.pdf Graphic file (type pdf)

<use Figures/Test_Benches/OPAMP/OPAMP_ICMR.pdf>
Package pdftex.def Info: Figures/Test_Benches/OPAMP/OPAMP_ICMR.pdf used on inpu
t line 340.
(pdftex.def)             Requested size: 257.98016pt x 218.93439pt.
 [18 <./Figures/Schematics/OPAMP_Vbias.pdf>] <Figures/Plots/OPAMP_ICMR.pdf, id=
764, 426.59375pt x 270.00874pt>
File: Figures/Plots/OPAMP_ICMR.pdf Graphic file (type pdf)

<use Figures/Plots/OPAMP_ICMR.pdf>
Package pdftex.def Info: Figures/Plots/OPAMP_ICMR.pdf used on input line 349.
(pdftex.def)             Requested size: 426.5927pt x 270.00807pt.

Underfull \vbox (badness 10000) has occurred while \output is active []

 [19 <./Figures/Test_Benches/OPAMP/OPAMP_ICMR.pdf>]
<Figures/Plots/OPAMP_OutSwing.pdf, id=776, 426.59375pt x 270.00874pt>
File: Figures/Plots/OPAMP_OutSwing.pdf Graphic file (type pdf)

<use Figures/Plots/OPAMP_OutSwing.pdf>
Package pdftex.def Info: Figures/Plots/OPAMP_OutSwing.pdf used on input line 35
8.
(pdftex.def)             Requested size: 426.5927pt x 270.00807pt.
 [20 <./Figures/Plots/OPAMP_ICMR.pdf> <./Figures/Plots/OPAMP_OutSwing.pdf>]

pdfTeX warning: pdflatex (file ./Figures/Test_Benches/OPAMP/OPAMP_ACDC.pdf): PD
F inclusion: found PDF version <1.6>, but at most version <1.5> allowed
<Figures/Test_Benches/OPAMP/OPAMP_ACDC.pdf, id=816, 252.8426pt x 198.85492pt>
File: Figures/Test_Benches/OPAMP/OPAMP_ACDC.pdf Graphic file (type pdf)

<use Figures/Test_Benches/OPAMP/OPAMP_ACDC.pdf>
Package pdftex.def Info: Figures/Test_Benches/OPAMP/OPAMP_ACDC.pdf used on inpu
t line 372.
(pdftex.def)             Requested size: 252.84198pt x 198.85442pt.

<Figures/Plots/OPAMP_Gain_PM.pdf, id=818, 426.59375pt x 270.00874pt>
File: Figures/Plots/OPAMP_Gain_PM.pdf Graphic file (type pdf)

<use Figures/Plots/OPAMP_Gain_PM.pdf>
Package pdftex.def Info: Figures/Plots/OPAMP_Gain_PM.pdf used on input line 381
.
(pdftex.def)             Requested size: 426.5927pt x 270.00807pt.

Underfull \vbox (badness 10000) has occurred while \output is active []

 [21 <./Figures/Test_Benches/OPAMP/OPAMP_ACDC.pdf>]

pdfTeX warning: pdflatex (file ./Figures/Test_Benches/OPAMP/OPAMP_PSRR.pdf): PD
F inclusion: found PDF version <1.6>, but at most version <1.5> allowed

<Figures/Test_Benches/OPAMP/OPAMP_PSRR.pdf, id=830, 422.98227pt x 226.75717pt>
File: Figures/Test_Benches/OPAMP/OPAMP_PSRR.pdf Graphic file (type pdf)

<use Figures/Test_Benches/OPAMP/OPAMP_PSRR.pdf>
Package pdftex.def Info: Figures/Test_Benches/OPAMP/OPAMP_PSRR.pdf used on inpu
t line 391.
(pdftex.def)             Requested size: 422.98123pt x 226.7566pt.

Underfull \vbox (badness 2150) has occurred while \output is active []

 [22 <./Figures/Plots/OPAMP_Gain_PM.pdf> <./Figures/Test_Benches/OPAMP/OPAMP_PS
RR.pdf>]

pdfTeX warning: pdflatex (file ./Figures/Test_Benches/OPAMP/OPAMP_Zin.pdf): PDF
 inclusion: found PDF version <1.6>, but at most version <1.5> allowed
<Figures/Test_Benches/OPAMP/OPAMP_Zin.pdf, id=924, 252.67398pt x 198.85492pt>
File: Figures/Test_Benches/OPAMP/OPAMP_Zin.pdf Graphic file (type pdf)

<use Figures/Test_Benches/OPAMP/OPAMP_Zin.pdf>
Package pdftex.def Info: Figures/Test_Benches/OPAMP/OPAMP_Zin.pdf used on input
 line 403.
(pdftex.def)             Requested size: 252.67336pt x 198.85442pt.


pdfTeX warning: pdflatex (file ./Figures/Test_Benches/OPAMP/OPAMP_Zout.pdf): PD
F inclusion: found PDF version <1.6>, but at most version <1.5> allowed

<Figures/Test_Benches/OPAMP/OPAMP_Zout.pdf, id=926, 244.82867pt x 198.85492pt>
File: Figures/Test_Benches/OPAMP/OPAMP_Zout.pdf Graphic file (type pdf)

<use Figures/Test_Benches/OPAMP/OPAMP_Zout.pdf>
Package pdftex.def Info: Figures/Test_Benches/OPAMP/OPAMP_Zout.pdf used on inpu
t line 416.
(pdftex.def)             Requested size: 244.82806pt x 198.85442pt.

Underfull \vbox (badness 10000) has occurred while \output is active []

 [23 <./Figures/Test_Benches/OPAMP/OPAMP_Zin.pdf>]

pdfTeX warning: pdflatex (file ./Figures/Test_Benches/OPAMP/OPAMP_Sine.pdf): PD
F inclusion: found PDF version <1.6>, but at most version <1.5> allowed
<Figures/Test_Benches/OPAMP/OPAMP_Sine.pdf, id=937, 243.4957pt x 210.92pt>
File: Figures/Test_Benches/OPAMP/OPAMP_Sine.pdf Graphic file (type pdf)

<use Figures/Test_Benches/OPAMP/OPAMP_Sine.pdf>
Package pdftex.def Info: Figures/Test_Benches/OPAMP/OPAMP_Sine.pdf used on inpu
t line 430.
(pdftex.def)             Requested size: 243.49509pt x 210.91946pt.

<Figures/Plots/OPAMP_Buffer.pdf, id=939, 426.59375pt x 270.00874pt>
File: Figures/Plots/OPAMP_Buffer.pdf Graphic file (type pdf)

<use Figures/Plots/OPAMP_Buffer.pdf>
Package pdftex.def Info: Figures/Plots/OPAMP_Buffer.pdf used on input line 439.

(pdftex.def)             Requested size: 426.5927pt x 270.00807pt.
 [24 <./Figures/Test_Benches/OPAMP/OPAMP_Zout.pdf> <./Figures/Test_Benches/OPAM
P/OPAMP_Sine.pdf>]
<Figures/Plots/OPAMP_Iout.pdf, id=956, 426.59375pt x 270.00874pt>
File: Figures/Plots/OPAMP_Iout.pdf Graphic file (type pdf)

<use Figures/Plots/OPAMP_Iout.pdf>
Package pdftex.def Info: Figures/Plots/OPAMP_Iout.pdf used on input line 448.
(pdftex.def)             Requested size: 426.5927pt x 270.00807pt.


pdfTeX warning: pdflatex (file ./Figures/Test_Benches/OPAMP/OPAMP_Slew.pdf): PD
F inclusion: found PDF version <1.6>, but at most version <1.5> allowed

<Figures/Test_Benches/OPAMP/OPAMP_Slew.pdf, id=957, 235.50284pt x 207.19206pt>
File: Figures/Test_Benches/OPAMP/OPAMP_Slew.pdf Graphic file (type pdf)

<use Figures/Test_Benches/OPAMP/OPAMP_Slew.pdf>
Package pdftex.def Info: Figures/Test_Benches/OPAMP/OPAMP_Slew.pdf used on inpu
t line 456.
(pdftex.def)             Requested size: 235.50224pt x 207.19154pt.

Underfull \vbox (badness 10000) has occurred while \output is active []

 [25 <./Figures/Plots/OPAMP_Buffer.pdf> <./Figures/Plots/OPAMP_Iout.pdf>]

pdfTeX warning: pdflatex (file ./Figures/System_Level/System_Overview.pdf): PDF
 inclusion: found PDF version <1.6>, but at most version <1.5> allowed

<Figures/System_Level/System_Overview.pdf, id=1016, 297.84775pt x 188.57852pt>
File: Figures/System_Level/System_Overview.pdf Graphic file (type pdf)

<use Figures/System_Level/System_Overview.pdf>
Package pdftex.def Info: Figures/System_Level/System_Overview.pdf used on input
 line 491.
(pdftex.def)             Requested size: 297.84702pt x 188.57805pt.
 [26 <./Figures/Test_Benches/OPAMP/OPAMP_Slew.pdf>]

pdfTeX warning: pdflatex (file ./Figures/System_Level/System_Symbol.pdf): PDF i
nclusion: found PDF version <1.6>, but at most version <1.5> allowed
<Figures/System_Level/System_Symbol.pdf, id=1028, 206.23549pt x 164.89806pt>
File: Figures/System_Level/System_Symbol.pdf Graphic file (type pdf)

<use Figures/System_Level/System_Symbol.pdf>
Package pdftex.def Info: Figures/System_Level/System_Symbol.pdf used on input l
ine 500.
(pdftex.def)             Requested size: 206.23497pt x 164.89763pt.


pdfTeX warning: pdflatex (file ./Figures/Schematics/OTA_OPAMP_Schematic.pdf): P
DF inclusion: found PDF version <1.6>, but at most version <1.5> allowed

<Figures/Schematics/OTA_OPAMP_Schematic.pdf, id=1030, 543.96628pt x 591.29103pt
>
File: Figures/Schematics/OTA_OPAMP_Schematic.pdf Graphic file (type pdf)
 <use Figures/Schematics/OTA_OPAMP_Schematic.pdf>
Package pdftex.def Info: Figures/Schematics/OTA_OPAMP_Schematic.pdf used on inp
ut line 510.
(pdftex.def)             Requested size: 543.96495pt x 591.28958pt.

Overfull \hbox (46.0417pt too wide) in paragraph at lines 510--511
 [][] 
 []

)
Underfull \vbox (badness 10000) has occurred while \output is active []

 [27 <./Figures/System_Level/System_Overview.pdf> <./Figures/System_Level/Syste
m_Symbol.pdf>] (./results.tex [28 <./Figures/Schematics/OTA_OPAMP_Schematic.pdf
>]
Chapter 4.


pdfTeX warning: pdflatex (file ./Figures/Test_Benches/Overall/ACDC.pdf): PDF in
clusion: found PDF version <1.6>, but at most version <1.5> allowed
<Figures/Test_Benches/Overall/ACDC.pdf, id=1065, 258.1083pt x 246.4176pt>
File: Figures/Test_Benches/Overall/ACDC.pdf Graphic file (type pdf)

<use Figures/Test_Benches/Overall/ACDC.pdf>
Package pdftex.def Info: Figures/Test_Benches/Overall/ACDC.pdf used on input li
ne 11.
(pdftex.def)             Requested size: 258.10767pt x 246.41699pt.

Underfull \vbox (badness 10000) has occurred while \output is active []

 [29


 <./Figures/Test_Benches/Overall/ACDC.pdf>]
<Figures/Plots/Ov_Gain.pdf, id=1087, 426.59375pt x 270.00874pt>
File: Figures/Plots/Ov_Gain.pdf Graphic file (type pdf)

<use Figures/Plots/Ov_Gain.pdf>
Package pdftex.def Info: Figures/Plots/Ov_Gain.pdf used on input line 48.
(pdftex.def)             Requested size: 426.5927pt x 270.00807pt.
 [30 <./Figures/Plots/Ov_Gain.pdf>]

pdfTeX warning: pdflatex (file ./Figures/Test_Benches/Overall/ZIN.pdf): PDF inc
lusion: found PDF version <1.6>, but at most version <1.5> allowed
<Figures/Test_Benches/Overall/ZIN.pdf, id=1193, 263.53256pt x 246.58122pt>
File: Figures/Test_Benches/Overall/ZIN.pdf Graphic file (type pdf)

<use Figures/Test_Benches/Overall/ZIN.pdf>
Package pdftex.def Info: Figures/Test_Benches/Overall/ZIN.pdf used on input lin
e 78.
(pdftex.def)             Requested size: 263.5319pt x 246.58061pt.

Underfull \vbox (badness 10000) has occurred while \output is active []

 [31 <./Figures/Test_Benches/Overall/ZIN.pdf>]

pdfTeX warning: pdflatex (file ./Figures/Test_Benches/Overall/ZOUT.pdf): PDF in
clusion: found PDF version <1.6>, but at most version <1.5> allowed
<Figures/Test_Benches/Overall/ZOUT.pdf, id=1212, 249.14781pt x 246.58122pt>
File: Figures/Test_Benches/Overall/ZOUT.pdf Graphic file (type pdf)

<use Figures/Test_Benches/Overall/ZOUT.pdf>
Package pdftex.def Info: Figures/Test_Benches/Overall/ZOUT.pdf used on input li
ne 108.
(pdftex.def)             Requested size: 249.14719pt x 246.58061pt.

Underfull \vbox (badness 10000) has occurred while \output is active []

 [32 <./Figures/Test_Benches/Overall/ZOUT.pdf>]

pdfTeX warning: pdflatex (file ./Figures/Test_Benches/Overall/PSRR.pdf): PDF in
clusion: found PDF version <1.6>, but at most version <1.5> allowed
<Figures/Test_Benches/Overall/PSRR.pdf, id=1231, 470.92839pt x 246.69666pt>
File: Figures/Test_Benches/Overall/PSRR.pdf Graphic file (type pdf)

<use Figures/Test_Benches/Overall/PSRR.pdf>
Package pdftex.def Info: Figures/Test_Benches/Overall/PSRR.pdf used on input li
ne 138.
(pdftex.def)             Requested size: 470.92723pt x 246.69604pt.

Underfull \vbox (badness 10000) has occurred while \output is active []

 [33 <./Figures/Test_Benches/Overall/PSRR.pdf>]

pdfTeX warning: pdflatex (file ./Figures/Test_Benches/Overall/SINE.pdf): PDF in
clusion: found PDF version <1.6>, but at most version <1.5> allowed
<Figures/Test_Benches/Overall/SINE.pdf, id=1251, 308.25063pt x 246.58122pt>
File: Figures/Test_Benches/Overall/SINE.pdf Graphic file (type pdf)

<use Figures/Test_Benches/Overall/SINE.pdf>
Package pdftex.def Info: Figures/Test_Benches/Overall/SINE.pdf used on input li
ne 169.
(pdftex.def)             Requested size: 308.24986pt x 246.58061pt.

<Figures/Plots/Ov_Sine_Iout.pdf, id=1252, 426.59375pt x 270.00874pt>
File: Figures/Plots/Ov_Sine_Iout.pdf Graphic file (type pdf)

<use Figures/Plots/Ov_Sine_Iout.pdf>
Package pdftex.def Info: Figures/Plots/Ov_Sine_Iout.pdf used on input line 175.

(pdftex.def)             Requested size: 426.5927pt x 270.00807pt.

Underfull \vbox (badness 10000) has occurred while \output is active []

 [34 <./Figures/Test_Benches/Overall/SINE.pdf>]
<Figures/Plots/Ov_Gm.pdf, id=1272, 426.59375pt x 270.00874pt>
File: Figures/Plots/Ov_Gm.pdf Graphic file (type pdf)

<use Figures/Plots/Ov_Gm.pdf>
Package pdftex.def Info: Figures/Plots/Ov_Gm.pdf used on input line 203.
(pdftex.def)             Requested size: 426.5927pt x 270.00807pt.

Underfull \vbox (badness 10000) has occurred while \output is active []

 [35 <./Figures/Plots/Ov_Sine_Iout.pdf>]

pdfTeX warning: pdflatex (file ./Figures/Test_Benches/Overall/SLEW.pdf): PDF in
clusion: found PDF version <1.6>, but at most version <1.5> allowed
<Figures/Test_Benches/Overall/SLEW.pdf, id=1302, 284.81406pt x 263.78249pt>
File: Figures/Test_Benches/Overall/SLEW.pdf Graphic file (type pdf)

<use Figures/Test_Benches/Overall/SLEW.pdf>
Package pdftex.def Info: Figures/Test_Benches/Overall/SLEW.pdf used on input li
ne 231.
(pdftex.def)             Requested size: 284.81335pt x 263.78183pt.

Underfull \vbox (badness 10000) has occurred while \output is active []

 [36 <./Figures/Plots/Ov_Gm.pdf>]
<Figures/Plots/Ov_Noise.pdf, id=1320, 426.59375pt x 270.00874pt>
File: Figures/Plots/Ov_Noise.pdf Graphic file (type pdf)

<use Figures/Plots/Ov_Noise.pdf>
Package pdftex.def Info: Figures/Plots/Ov_Noise.pdf used on input line 261.
(pdftex.def)             Requested size: 426.5927pt x 270.00807pt.

Underfull \vbox (badness 10000) has occurred while \output is active []

 [37 <./Figures/Test_Benches/Overall/SLEW.pdf>]
Underfull \vbox (badness 10000) has occurred while \output is active []

 [38 <./Figures/Plots/Ov_Noise.pdf>]
<Figures/Plots/Ov_Sine_RL.pdf, id=1406, 426.59375pt x 270.00874pt>
File: Figures/Plots/Ov_Sine_RL.pdf Graphic file (type pdf)

<use Figures/Plots/Ov_Sine_RL.pdf>
Package pdftex.def Info: Figures/Plots/Ov_Sine_RL.pdf used on input line 325.
(pdftex.def)             Requested size: 426.5927pt x 270.00807pt.

Underfull \vbox (badness 7256) has occurred while \output is active []

 [39 <./Figures/Plots/Ov_Sine_RL.pdf>]
<Figures/Plots/Ov_Gm_RL.pdf, id=1434, 426.59375pt x 270.00874pt>
File: Figures/Plots/Ov_Gm_RL.pdf Graphic file (type pdf)

<use Figures/Plots/Ov_Gm_RL.pdf>
Package pdftex.def Info: Figures/Plots/Ov_Gm_RL.pdf used on input line 363.
(pdftex.def)             Requested size: 426.5927pt x 270.00807pt.
 [40 <./Figures/Plots/Ov_Gm_RL.pdf>])
(./conclusion.tex [41] [42


]
Chapter 5.
) [43]
\openout2 = `appendix.aux'.

 (./appendix.tex [44



]
Appendix A.
) [45]
No file final.acr.
[46

]
Package atveryend Info: Empty hook `BeforeClearDocument' on input line 154.
Package atveryend Info: Empty hook `AfterLastShipout' on input line 154.
 (./final.aux (./appendix.aux))
Package atveryend Info: Executing hook `AtVeryEndDocument' on input line 154.
Package atveryend Info: Executing hook `AtEndAfterFileList' on input line 154.
Package rerunfilecheck Info: File `final.out' has not changed.
(rerunfilecheck)             Checksum: 7E53CC977C8F6A471C5679DBA60A012B;2589.


LaTeX Font Warning: Some font shapes were not available, defaults substituted.


LaTeX Warning: There were undefined references.

Package atveryend Info: Empty hook `AtVeryVeryEnd' on input line 154.
 ) 
Here is how much of TeX's memory you used:
 35684 strings out of 494927
 697320 string characters out of 6177948
 933731 words of memory out of 5000000
 37835 multiletter control sequences out of 15000+600000
 68900 words of font info for 102 fonts, out of 8000000 for 9000
 36 hyphenation exceptions out of 8191
 73i,13n,100p,2237b,625s stack positions out of 5000i,500n,10000p,200000b,80000s
{/usr/share/texmf/fonts/enc/dvips/lm/lm-mathsy.enc}{/usr/share/texmf/fonts/en
c/dvips/lm/lm-rm.enc}{/usr/share/texmf/fonts/enc/dvips/lm/lm-mathit.enc}{/usr/s
hare/texmf/fonts/enc/dvips/lm/lm-ec.enc}</usr/share/texmf/fonts/type1/public/lm
/lmb10.pfb></usr/share/texmf/fonts/type1/public/lm/lmmi12.pfb></usr/share/texmf
/fonts/type1/public/lm/lmmi7.pfb></usr/share/texmf/fonts/type1/public/lm/lmmi8.
pfb></usr/share/texmf/fonts/type1/public/lm/lmr12.pfb></usr/share/texmf/fonts/t
ype1/public/lm/lmr8.pfb></usr/share/texmf/fonts/type1/public/lm/lmss10.pfb></us
r/share/texmf/fonts/type1/public/lm/lmss12.pfb></usr/share/texmf/fonts/type1/pu
blic/lm/lmss17.pfb></usr/share/texmf/fonts/type1/public/lm/lmsy10.pfb></usr/sha
re/texlive/texmf-dist/fonts/type1/public/mathdesign/mdbch/md-chr7m.pfb>
Output written on final.pdf (62 pages, 5176457 bytes).
PDF statistics:
 1566 PDF objects out of 1728 (max. 8388607)
 1355 compressed objects within 14 object streams
 190 named destinations out of 1000 (max. 500000)
 12841 words of extra memory for PDF output out of 14400 (max. 10000000)

