\BOOKMARK [0][-]{Doc-Start}{Declaration of Authorship}{}% 1
\BOOKMARK [0][-]{section*.3}{Abstract}{}% 2
\BOOKMARK [0][-]{section*.6}{Zusammenfassung}{}% 3
\BOOKMARK [0][-]{section*.9}{Acknowledgments}{}% 4
\BOOKMARK [0][-]{section*.18}{List of Figures}{}% 5
\BOOKMARK [0][-]{section*.21}{List of Tables}{}% 6
\BOOKMARK [0][-]{chapter.1}{Introduction}{}% 7
\BOOKMARK [1][-]{section.1.1}{Novel DC Current Transformer}{chapter.1}% 8
\BOOKMARK [1][-]{section.1.2}{Specification}{chapter.1}% 9
\BOOKMARK [1][-]{section.1.3}{Technology}{chapter.1}% 10
\BOOKMARK [0][-]{chapter.2}{Theory}{}% 11
\BOOKMARK [1][-]{section.2.1}{The Operational Transconductance Amplifier}{chapter.2}% 12
\BOOKMARK [2][-]{subsection.2.1.1}{Different Topologies}{section.2.1}% 13
\BOOKMARK [1][-]{section.2.2}{The Opeartional Amplifier}{chapter.2}% 14
\BOOKMARK [2][-]{subsection.2.2.1}{Miller Compensation OP AMP}{section.2.2}% 15
\BOOKMARK [2][-]{subsection.2.2.2}{OP AMP as a Voltage Buffer}{section.2.2}% 16
\BOOKMARK [0][-]{chapter.3}{Design and Implementation}{}% 17
\BOOKMARK [1][-]{section.3.1}{The Gm/Id Methodology}{chapter.3}% 18
\BOOKMARK [1][-]{section.3.2}{OTA Design}{chapter.3}% 19
\BOOKMARK [2][-]{subsection.3.2.1}{Schematic}{section.3.2}% 20
\BOOKMARK [2][-]{subsection.3.2.2}{Test Setup}{section.3.2}% 21
\BOOKMARK [1][-]{section.3.3}{OP AMP Design}{chapter.3}% 22
\BOOKMARK [2][-]{subsection.3.3.1}{Schematic}{section.3.3}% 23
\BOOKMARK [2][-]{subsection.3.3.2}{Test Setup}{section.3.3}% 24
\BOOKMARK [1][-]{section.3.4}{The Complete Design}{chapter.3}% 25
\BOOKMARK [2][-]{subsection.3.4.1}{Schematic}{section.3.4}% 26
\BOOKMARK [0][-]{chapter.4}{Simulation Results}{}% 27
\BOOKMARK [1][-]{section.4.1}{DC Analysis}{chapter.4}% 28
\BOOKMARK [1][-]{section.4.2}{AC Analysis}{chapter.4}% 29
\BOOKMARK [1][-]{section.4.3}{Transient Analysis}{chapter.4}% 30
\BOOKMARK [1][-]{section.4.4}{Noise Analysis}{chapter.4}% 31
\BOOKMARK [1][-]{section.4.5}{Pragrammable Load}{chapter.4}% 32
\BOOKMARK [1][-]{section.4.6}{Corner Simulation}{chapter.4}% 33
\BOOKMARK [2][-]{subsection.4.6.1}{Process Variation}{section.4.6}% 34
\BOOKMARK [2][-]{subsection.4.6.2}{Process and Supply Variation}{section.4.6}% 35
\BOOKMARK [2][-]{subsection.4.6.3}{Process, Voltage and Temperature \(PVT\) variation}{section.4.6}% 36
\BOOKMARK [2][-]{subsection.4.6.4}{Summary of PVT Corner Analysis}{section.4.6}% 37
\BOOKMARK [0][-]{chapter.5}{Conclusion}{}% 38
\BOOKMARK [1][-]{section.5.1}{Summary of Results}{chapter.5}% 39
\BOOKMARK [1][-]{section.5.2}{Outlook}{chapter.5}% 40
\BOOKMARK [0][-]{Appendix.1.A}{Appendix}{}% 41
